0 verbose cli /usr/bin/node /usr/bin/npm
1 info using npm@10.9.3
2 info using node@v22.19.0
3 silly config load:file:/usr/lib/node_modules/npm/npmrc
4 silly config load:file:/opt/parser/.npmrc
5 silly config load:file:/usr/etc/npmrc
6 verbose title npm install bull@3.29.3
7 verbose argv "install" "bull@3.29.3" "--save-exact"
8 verbose logfile logs-max:10 dir:/opt/parser/.npm/_logs/2025-08-29T00_38_50_495Z-
9 verbose logfile /opt/parser/.npm/_logs/2025-08-29T00_38_50_495Z-debug-0.log
10 silly logfile done cleaning log files
11 silly packumentCache heap:2197815296 maxSize:549453824 maxEntrySize:274726912
12 silly idealTree buildDeps
13 silly fetch manifest bull@3.29.3
14 silly packumentCache full:https://registry.npmjs.org/bull cache-miss
15 http cache https://registry.npmjs.org/bull 61ms (cache hit)
16 silly packumentCache full:https://registry.npmjs.org/bull set size:616457 disposed:false
17 silly placeDep ROOT bull@3.29.3 REPLACE for: silkcards-parser-microservice@1.1.0 want: 3.29.3
18 silly reify moves {}
19 silly audit bulk request {
19 silly audit   '@ampproject/remapping': [ '2.3.0' ],
19 silly audit   '@babel/code-frame': [ '7.27.1' ],
19 silly audit   '@babel/compat-data': [ '7.28.0' ],
19 silly audit   '@babel/core': [ '7.28.3' ],
19 silly audit   debug: [ '4.4.1', '2.6.9' ],
19 silly audit   ms: [ '2.1.3', '2.0.0' ],
19 silly audit   semver: [ '6.3.1', '7.7.2' ],
19 silly audit   '@babel/generator': [ '7.28.3' ],
19 silly audit   '@babel/helper-compilation-targets': [ '7.27.2' ],
19 silly audit   '@babel/helper-globals': [ '7.28.0' ],
19 silly audit   '@babel/helper-module-imports': [ '7.27.1' ],
19 silly audit   '@babel/helper-module-transforms': [ '7.28.3' ],
19 silly audit   '@babel/helper-plugin-utils': [ '7.27.1' ],
19 silly audit   '@babel/helper-string-parser': [ '7.27.1' ],
19 silly audit   '@babel/helper-validator-identifier': [ '7.27.1' ],
19 silly audit   '@babel/helper-validator-option': [ '7.27.1' ],
19 silly audit   '@babel/helpers': [ '7.28.3' ],
19 silly audit   '@babel/parser': [ '7.28.3' ],
19 silly audit   '@babel/plugin-syntax-async-generators': [ '7.8.4' ],
19 silly audit   '@babel/plugin-syntax-bigint': [ '7.8.3' ],
19 silly audit   '@babel/plugin-syntax-class-properties': [ '7.12.13' ],
19 silly audit   '@babel/plugin-syntax-class-static-block': [ '7.14.5' ],
19 silly audit   '@babel/plugin-syntax-import-attributes': [ '7.27.1' ],
19 silly audit   '@babel/plugin-syntax-import-meta': [ '7.10.4' ],
19 silly audit   '@babel/plugin-syntax-json-strings': [ '7.8.3' ],
19 silly audit   '@babel/plugin-syntax-jsx': [ '7.27.1' ],
19 silly audit   '@babel/plugin-syntax-logical-assignment-operators': [ '7.10.4' ],
19 silly audit   '@babel/plugin-syntax-nullish-coalescing-operator': [ '7.8.3' ],
19 silly audit   '@babel/plugin-syntax-numeric-separator': [ '7.10.4' ],
19 silly audit   '@babel/plugin-syntax-object-rest-spread': [ '7.8.3' ],
19 silly audit   '@babel/plugin-syntax-optional-catch-binding': [ '7.8.3' ],
19 silly audit   '@babel/plugin-syntax-optional-chaining': [ '7.8.3' ],
19 silly audit   '@babel/plugin-syntax-private-property-in-object': [ '7.14.5' ],
19 silly audit   '@babel/plugin-syntax-top-level-await': [ '7.14.5' ],
19 silly audit   '@babel/plugin-syntax-typescript': [ '7.27.1' ],
19 silly audit   '@babel/template': [ '7.27.2' ],
19 silly audit   '@babel/traverse': [ '7.28.3' ],
19 silly audit   '@babel/types': [ '7.28.2' ],
19 silly audit   '@bcoe/v8-coverage': [ '0.2.3' ],
19 silly audit   '@colors/colors': [ '1.6.0' ],
19 silly audit   '@dabh/diagnostics': [ '2.0.3' ],
19 silly audit   '@ioredis/commands': [ '1.3.0' ],
19 silly audit   '@istanbuljs/load-nyc-config': [ '1.1.0' ],
19 silly audit   '@istanbuljs/schema': [ '0.1.3' ],
19 silly audit   '@jest/console': [ '29.7.0' ],
19 silly audit   '@jest/core': [ '29.7.0' ],
19 silly audit   '@jest/environment': [ '29.7.0' ],
19 silly audit   '@jest/expect': [ '29.7.0' ],
19 silly audit   '@jest/expect-utils': [ '29.7.0' ],
19 silly audit   '@jest/fake-timers': [ '29.7.0' ],
19 silly audit   '@jest/globals': [ '29.7.0' ],
19 silly audit   '@jest/reporters': [ '29.7.0' ],
19 silly audit   '@jest/schemas': [ '29.6.3' ],
19 silly audit   '@jest/source-map': [ '29.6.3' ],
19 silly audit   '@jest/test-result': [ '29.7.0' ],
19 silly audit   '@jest/test-sequencer': [ '29.7.0' ],
19 silly audit   '@jest/transform': [ '29.7.0' ],
19 silly audit   '@jest/types': [ '29.6.3' ],
19 silly audit   '@jridgewell/gen-mapping': [ '0.3.13' ],
19 silly audit   '@jridgewell/resolve-uri': [ '3.1.2' ],
19 silly audit   '@jridgewell/sourcemap-codec': [ '1.5.5' ],
19 silly audit   '@jridgewell/trace-mapping': [ '0.3.30' ],
19 silly audit   '@noble/hashes': [ '1.8.0' ],
19 silly audit   '@paralleldrive/cuid2': [ '2.2.2' ],
19 silly audit   '@pdf-lib/standard-fonts': [ '1.0.0' ],
19 silly audit   '@pdf-lib/upng': [ '1.0.1' ],
19 silly audit   '@sinclair/typebox': [ '0.27.8' ],
19 silly audit   '@sinonjs/commons': [ '3.0.1' ],
19 silly audit   '@sinonjs/fake-timers': [ '10.3.0' ],
19 silly audit   '@types/babel__core': [ '7.20.5' ],
19 silly audit   '@types/babel__generator': [ '7.27.0' ],
19 silly audit   '@types/babel__template': [ '7.4.4' ],
19 silly audit   '@types/babel__traverse': [ '7.28.0' ],
19 silly audit   '@types/graceful-fs': [ '4.1.9' ],
19 silly audit   '@types/istanbul-lib-coverage': [ '2.0.6' ],
19 silly audit   '@types/istanbul-lib-report': [ '3.0.3' ],
19 silly audit   '@types/istanbul-reports': [ '3.0.4' ],
19 silly audit   '@types/node': [ '24.3.0' ],
19 silly audit   '@types/stack-utils': [ '2.0.3' ],
19 silly audit   '@types/triple-beam': [ '1.3.5' ],
19 silly audit   '@types/yargs': [ '17.0.33' ],
19 silly audit   '@types/yargs-parser': [ '21.0.3' ],
19 silly audit   accepts: [ '1.3.8' ],
19 silly audit   negotiator: [ '0.6.3', '0.6.4' ],
19 silly audit   'ansi-escapes': [ '4.3.2' ],
19 silly audit   'ansi-regex': [ '5.0.1' ],
19 silly audit   'ansi-styles': [ '4.3.0', '5.2.0' ],
19 silly audit   anymatch: [ '3.1.3' ],
19 silly audit   'append-field': [ '1.0.0' ],
19 silly audit   argparse: [ '1.0.10' ],
19 silly audit   'array-buffer-byte-length': [ '1.0.2' ],
19 silly audit   'array-flatten': [ '1.1.1' ],
19 silly audit   'array.prototype.reduce': [ '1.0.8' ],
19 silly audit   'arraybuffer.prototype.slice': [ '1.0.4' ],
19 silly audit   asap: [ '2.0.6' ],
19 silly audit   async: [ '3.2.6' ],
19 silly audit   'async-function': [ '1.0.0' ],
19 silly audit   asynckit: [ '0.4.0' ],
19 silly audit   'available-typed-arrays': [ '1.0.7' ],
19 silly audit   b4a: [ '1.6.7' ],
19 silly audit   'babel-jest': [ '29.7.0' ],
19 silly audit   'babel-plugin-istanbul': [ '6.1.1' ],
19 silly audit   'istanbul-lib-instrument': [ '5.2.1', '6.0.3' ],
19 silly audit   'babel-plugin-jest-hoist': [ '29.6.3' ],
19 silly audit   'babel-preset-current-node-syntax': [ '1.2.0' ],
19 silly audit   'babel-preset-jest': [ '29.6.3' ],
19 silly audit   'balanced-match': [ '1.0.2' ],
19 silly audit   'bare-events': [ '2.6.1' ],
19 silly audit   'bare-fs': [ '4.2.1' ],
19 silly audit   'bare-os': [ '3.6.2' ],
19 silly audit   'bare-path': [ '3.0.0' ],
19 silly audit   'bare-stream': [ '2.7.0' ],
19 silly audit   'base64-js': [ '1.5.1' ],
19 silly audit   'basic-auth': [ '2.0.1' ],
19 silly audit   'safe-buffer': [ '5.1.2', '5.2.1' ],
19 silly audit   'binary-extensions': [ '2.3.0' ],
19 silly audit   bl: [ '4.1.0' ],
19 silly audit   'readable-stream': [ '3.6.2', '2.3.8' ],
19 silly audit   'body-parser': [ '1.20.3' ],
19 silly audit   'brace-expansion': [ '1.1.12' ],
19 silly audit   braces: [ '3.0.3' ],
19 silly audit   browserslist: [ '4.25.4' ],
19 silly audit   bser: [ '2.1.1' ],
19 silly audit   buffer: [ '5.7.1' ],
19 silly audit   'buffer-from': [ '1.1.2' ],
19 silly audit   denque: [ '2.1.0', '1.5.1' ],
19 silly audit   ioredis: [ '5.7.0', '4.30.0' ],
19 silly audit   uuid: [ '8.3.2', '9.0.1' ],
19 silly audit   busboy: [ '1.6.0' ],
19 silly audit   bytes: [ '3.1.2' ],
19 silly audit   'call-bind': [ '1.0.8' ],
19 silly audit   'call-bind-apply-helpers': [ '1.0.2' ],
19 silly audit   'call-bound': [ '1.0.4' ],
19 silly audit   callsites: [ '3.1.0' ],
19 silly audit   camelcase: [ '5.3.1', '6.3.0' ],
19 silly audit   'caniuse-lite': [ '1.0.30001737' ],
19 silly audit   chalk: [ '4.1.2' ],
19 silly audit   'char-regex': [ '1.0.2' ],
19 silly audit   chokidar: [ '3.6.0' ],
19 silly audit   chownr: [ '1.1.4' ],
19 silly audit   'ci-info': [ '3.9.0' ],
19 silly audit   'cjs-module-lexer': [ '1.4.3' ],
19 silly audit   cliui: [ '8.0.1' ],
19 silly audit   'cluster-key-slot': [ '1.1.2' ],
19 silly audit   co: [ '4.6.0' ],
19 silly audit   'collect-v8-coverage': [ '1.0.2' ],
19 silly audit   color: [ '4.2.3', '3.2.1' ],
19 silly audit   'color-convert': [ '2.0.1', '1.9.3' ],
19 silly audit   'color-name': [ '1.1.4', '1.1.3' ],
19 silly audit   'color-string': [ '1.9.1' ],
19 silly audit   colorspace: [ '1.1.4' ],
19 silly audit   'combined-stream': [ '1.0.8' ],
19 silly audit   'component-emitter': [ '1.3.1' ],
19 silly audit   compressible: [ '2.0.18' ],
19 silly audit   compression: [ '1.8.1' ],
19 silly audit   'concat-map': [ '0.0.1' ],
19 silly audit   'concat-stream': [ '1.6.2' ],
19 silly audit   'content-disposition': [ '0.5.4' ],
19 silly audit   'content-type': [ '1.0.5' ],
19 silly audit   'convert-source-map': [ '2.0.0' ],
19 silly audit   cookie: [ '0.7.1' ],
19 silly audit   'cookie-signature': [ '1.0.6' ],
19 silly audit   cookiejar: [ '2.1.4' ],
19 silly audit   'core-util-is': [ '1.0.3' ],
19 silly audit   cors: [ '2.8.5' ],
19 silly audit   'create-jest': [ '29.7.0' ],
19 silly audit   'cron-parser': [ '2.18.0' ],
19 silly audit   'cross-spawn': [ '7.0.6' ],
19 silly audit   'data-view-buffer': [ '1.0.2' ],
19 silly audit   'data-view-byte-length': [ '1.0.2' ],
19 silly audit   'data-view-byte-offset': [ '1.0.1' ],
19 silly audit   debuglog: [ '1.0.1' ],
19 silly audit   'decompress-response': [ '6.0.0' ],
19 silly audit   dedent: [ '1.6.0' ],
19 silly audit   'deep-extend': [ '0.6.0' ],
19 silly audit   deepmerge: [ '4.3.1' ],
19 silly audit   'define-data-property': [ '1.1.4' ],
19 silly audit   'define-properties': [ '1.2.1' ],
19 silly audit   'delayed-stream': [ '1.0.0' ],
19 silly audit   depd: [ '2.0.0' ],
19 silly audit   destroy: [ '1.2.0' ],
19 silly audit   'detect-libc': [ '2.0.4' ],
19 silly audit   'detect-newline': [ '3.1.0' ],
19 silly audit   dezalgo: [ '1.0.4' ],
19 silly audit   'diff-sequences': [ '29.6.3' ],
19 silly audit   dotenv: [ '16.6.1' ],
19 silly audit   'dunder-proto': [ '1.0.1' ],
19 silly audit   'ee-first': [ '1.1.1' ],
19 silly audit   'electron-to-chromium': [ '1.5.211' ],
19 silly audit   emittery: [ '0.13.1' ],
19 silly audit   'emoji-regex': [ '8.0.0' ],
19 silly audit   enabled: [ '2.0.0' ],
19 silly audit   encodeurl: [ '2.0.0', '1.0.2' ],
19 silly audit   'end-of-stream': [ '1.4.5' ],
19 silly audit   'error-ex': [ '1.3.2' ],
19 silly audit   'es-abstract': [ '1.24.0' ],
19 silly audit   'es-array-method-boxes-properly': [ '1.0.0' ],
19 silly audit   'es-define-property': [ '1.0.1' ],
19 silly audit   'es-errors': [ '1.3.0' ],
19 silly audit   'es-object-atoms': [ '1.1.1' ],
19 silly audit   'es-set-tostringtag': [ '2.1.0' ],
19 silly audit   'es-to-primitive': [ '1.3.0' ],
19 silly audit   escalade: [ '3.2.0' ],
19 silly audit   'escape-html': [ '1.0.3' ],
19 silly audit   'escape-string-regexp': [ '2.0.0' ],
19 silly audit   esprima: [ '4.0.1' ],
19 silly audit   etag: [ '1.8.1' ],
19 silly audit   execa: [ '5.1.1' ],
19 silly audit   exit: [ '0.1.2' ],
19 silly audit   'expand-template': [ '2.0.3' ],
19 silly audit   expect: [ '29.7.0' ],
19 silly audit   express: [ '4.21.2' ],
19 silly audit   'fast-fifo': [ '1.3.2' ],
19 silly audit   'fast-json-stable-stringify': [ '2.1.0' ],
19 silly audit   'fast-safe-stringify': [ '2.1.1' ],
19 silly audit   'fb-watchman': [ '2.0.2' ],
19 silly audit   fecha: [ '4.2.3' ],
19 silly audit   'fill-range': [ '7.1.1' ],
19 silly audit   finalhandler: [ '1.3.1' ],
19 silly audit   'find-up': [ '4.1.0' ],
19 silly audit   'fn.name': [ '1.1.0' ],
19 silly audit   'for-each': [ '0.3.5' ],
19 silly audit   'form-data': [ '4.0.4' ],
19 silly audit   formidable: [ '2.1.5' ],
19 silly audit   forwarded: [ '0.2.0' ],
19 silly audit   fresh: [ '0.5.2' ],
19 silly audit   'fs-constants': [ '1.0.0' ],
19 silly audit   'fs-extra': [ '11.3.1' ],
19 silly audit   'fs.realpath': [ '1.0.0' ],
19 silly audit   fsevents: [ '2.3.3' ],
19 silly audit   'function-bind': [ '1.1.2' ],
19 silly audit   'function.prototype.name': [ '1.1.8' ],
19 silly audit   'functions-have-names': [ '1.2.3' ],
19 silly audit   gensync: [ '1.0.0-beta.2' ],
19 silly audit   'get-caller-file': [ '2.0.5' ],
19 silly audit   'get-intrinsic': [ '1.3.0' ],
19 silly audit   'get-package-type': [ '0.1.0' ],
19 silly audit   'get-port': [ '5.1.1' ],
19 silly audit   'get-proto': [ '1.0.1' ],
19 silly audit   'get-stream': [ '6.0.1' ],
19 silly audit   'get-symbol-description': [ '1.1.0' ],
19 silly audit   'github-from-package': [ '0.0.0' ],
19 silly audit   glob: [ '7.2.3' ],
19 silly audit   'glob-parent': [ '5.1.2' ],
19 silly audit   globalthis: [ '1.0.4' ],
19 silly audit   gopd: [ '1.2.0' ],
19 silly audit   'graceful-fs': [ '4.2.11' ],
19 silly audit   'has-bigints': [ '1.1.0' ],
19 silly audit   'has-flag': [ '4.0.0', '3.0.0' ],
19 silly audit   'has-property-descriptors': [ '1.0.2' ],
19 silly audit   'has-proto': [ '1.2.0' ],
19 silly audit   'has-symbols': [ '1.1.0' ],
19 silly audit   'has-tostringtag': [ '1.0.2' ],
19 silly audit   hasown: [ '2.0.2' ],
19 silly audit   helmet: [ '7.2.0' ],
19 silly audit   'html-escaper': [ '2.0.2' ],
19 silly audit   'http-errors': [ '2.0.0' ],
19 silly audit   'human-signals': [ '2.1.0' ],
19 silly audit   'iconv-lite': [ '0.4.24' ],
19 silly audit   ieee754: [ '1.2.1' ],
19 silly audit   'ignore-by-default': [ '1.0.1' ],
19 silly audit   'import-local': [ '3.2.0' ],
19 silly audit   imurmurhash: [ '0.1.4' ],
19 silly audit   inflight: [ '1.0.6' ],
19 silly audit   inherits: [ '2.0.4' ],
19 silly audit   ini: [ '1.3.8' ],
19 silly audit   'internal-slot': [ '1.1.0' ],
19 silly audit   'ipaddr.js': [ '1.9.1' ],
19 silly audit   'is-array-buffer': [ '3.0.5' ],
19 silly audit   'is-arrayish': [ '0.2.1', '0.3.2' ],
19 silly audit   'is-async-function': [ '2.1.1' ],
19 silly audit   'is-bigint': [ '1.1.0' ],
19 silly audit   'is-binary-path': [ '2.1.0' ],
19 silly audit   'is-boolean-object': [ '1.2.2' ],
19 silly audit   'is-callable': [ '1.2.7' ],
19 silly audit   'is-core-module': [ '2.16.1' ],
19 silly audit   'is-data-view': [ '1.0.2' ],
19 silly audit   'is-date-object': [ '1.1.0' ],
19 silly audit   'is-extglob': [ '2.1.1' ],
19 silly audit   'is-finalizationregistry': [ '1.1.1' ],
19 silly audit   'is-fullwidth-code-point': [ '3.0.0' ],
19 silly audit   'is-generator-fn': [ '2.1.0' ],
19 silly audit   'is-generator-function': [ '1.1.0' ],
19 silly audit   'is-glob': [ '4.0.3' ],
19 silly audit   'is-map': [ '2.0.3' ],
19 silly audit   'is-nan': [ '1.3.2' ],
19 silly audit   'is-negative-zero': [ '2.0.3' ],
19 silly audit   'is-number': [ '7.0.0' ],
19 silly audit   'is-number-object': [ '1.1.1' ],
19 silly audit   'is-regex': [ '1.2.1' ],
19 silly audit   'is-set': [ '2.0.3' ],
19 silly audit   'is-shared-array-buffer': [ '1.0.4' ],
19 silly audit   'is-stream': [ '2.0.1' ],
19 silly audit   'is-string': [ '1.1.1' ],
19 silly audit   'is-symbol': [ '1.1.1' ],
19 silly audit   'is-typed-array': [ '1.1.15' ],
19 silly audit   'is-weakmap': [ '2.0.2' ],
19 silly audit   'is-weakref': [ '1.1.1' ],
19 silly audit   'is-weakset': [ '2.0.4' ],
19 silly audit   isarray: [ '1.0.0', '2.0.5' ],
19 silly audit   isexe: [ '2.0.0' ],
19 silly audit   'istanbul-lib-coverage': [ '3.2.2' ],
19 silly audit   'istanbul-lib-report': [ '3.0.1' ],
19 silly audit   'istanbul-lib-source-maps': [ '4.0.1' ],
19 silly audit   'istanbul-reports': [ '3.2.0' ],
19 silly audit   jest: [ '29.7.0' ],
19 silly audit   'jest-changed-files': [ '29.7.0' ],
19 silly audit   'jest-circus': [ '29.7.0' ],
19 silly audit   'jest-cli': [ '29.7.0' ],
19 silly audit   'jest-config': [ '29.7.0' ],
19 silly audit   'jest-diff': [ '29.7.0' ],
19 silly audit   'jest-docblock': [ '29.7.0' ],
19 silly audit   'jest-each': [ '29.7.0' ],
19 silly audit   'jest-environment-node': [ '29.7.0' ],
19 silly audit   'jest-get-type': [ '29.6.3' ],
19 silly audit   'jest-haste-map': [ '29.7.0' ],
19 silly audit   'jest-leak-detector': [ '29.7.0' ],
19 silly audit   'jest-matcher-utils': [ '29.7.0' ],
19 silly audit   'jest-message-util': [ '29.7.0' ],
19 silly audit   'jest-mock': [ '29.7.0' ],
19 silly audit   'jest-pnp-resolver': [ '1.2.3' ],
19 silly audit   'jest-regex-util': [ '29.6.3' ],
19 silly audit   'jest-resolve': [ '29.7.0' ],
19 silly audit   'jest-resolve-dependencies': [ '29.7.0' ],
19 silly audit   'jest-runner': [ '29.7.0' ],
19 silly audit   'jest-runtime': [ '29.7.0' ],
19 silly audit   'jest-snapshot': [ '29.7.0' ],
19 silly audit   'jest-util': [ '29.7.0' ],
19 silly audit   'jest-validate': [ '29.7.0' ],
19 silly audit   'jest-watcher': [ '29.7.0' ],
19 silly audit   'jest-worker': [ '29.7.0' ],
19 silly audit   'supports-color': [ '8.1.1', '5.5.0', '7.2.0' ],
19 silly audit   'js-tokens': [ '4.0.0' ],
19 silly audit   'js-yaml': [ '3.14.1' ],
19 silly audit   jsesc: [ '3.1.0' ],
19 silly audit   'json-parse-even-better-errors': [ '2.3.1' ],
19 silly audit   json5: [ '2.2.3' ],
19 silly audit   jsonfile: [ '6.2.0' ],
19 silly audit   kleur: [ '3.0.3' ],
19 silly audit   kuler: [ '2.0.0' ],
19 silly audit   leven: [ '3.1.0' ],
19 silly audit   'lines-and-columns': [ '1.2.4' ],
19 silly audit   'locate-path': [ '5.0.0' ],
19 silly audit   lodash: [ '4.17.21' ],
19 silly audit   'lodash.defaults': [ '4.2.0' ],
19 silly audit   'lodash.flatten': [ '4.4.0' ],
19 silly audit   'lodash.isarguments': [ '3.1.0' ],
19 silly audit   logform: [ '2.7.0' ],
19 silly audit   'lru-cache': [ '5.1.1' ],
19 silly audit   'make-dir': [ '4.0.0' ],
19 silly audit   makeerror: [ '1.0.12' ],
19 silly audit   'math-intrinsics': [ '1.1.0' ],
19 silly audit   'media-typer': [ '0.3.0' ],
19 silly audit   'merge-descriptors': [ '1.0.3' ],
19 silly audit   'merge-stream': [ '2.0.0' ],
19 silly audit   methods: [ '1.1.2' ],
19 silly audit   micromatch: [ '4.0.8' ],
19 silly audit   mime: [ '1.6.0', '2.6.0' ],
19 silly audit   'mime-db': [ '1.54.0', '1.52.0' ],
19 silly audit   'mime-types': [ '2.1.35' ],
19 silly audit   'mimic-fn': [ '2.1.0' ],
19 silly audit   'mimic-response': [ '3.1.0' ],
19 silly audit   minimatch: [ '3.1.2' ],
19 silly audit   minimist: [ '1.2.8' ],
19 silly audit   mkdirp: [ '0.5.6' ],
19 silly audit   'mkdirp-classic': [ '0.5.3' ],
19 silly audit   moment: [ '2.30.1' ],
19 silly audit   'moment-timezone': [ '0.5.48' ],
19 silly audit   morgan: [ '1.10.1' ],
19 silly audit   'on-finished': [ '2.3.0', '2.4.1' ],
19 silly audit   multer: [ '1.4.5-lts.2' ],
19 silly audit   'napi-build-utils': [ '2.0.0' ],
19 silly audit   'natural-compare': [ '1.4.0' ],
19 silly audit   'node-abi': [ '3.75.0' ],
19 silly audit   'node-addon-api': [ '6.1.0' ],
19 silly audit   'node-cron': [ '3.0.3' ],
19 silly audit   'node-int64': [ '0.4.0' ],
19 silly audit   'node-releases': [ '2.0.19' ],
19 silly audit   nodemon: [ '3.1.10' ],
19 silly audit   'normalize-path': [ '3.0.0' ],
19 silly audit   'npm-run-path': [ '4.0.1' ],
19 silly audit   'object-assign': [ '4.1.1' ],
19 silly audit   'object-inspect': [ '1.13.4' ],
19 silly audit   'object-keys': [ '1.1.1' ],
19 silly audit   'object.assign': [ '4.1.7' ],
19 silly audit   'object.getownpropertydescriptors': [ '2.1.8' ],
19 silly audit   'on-headers': [ '1.1.0' ],
19 silly audit   once: [ '1.4.0' ],
19 silly audit   'one-time': [ '1.0.0' ],
19 silly audit   onetime: [ '5.1.2' ],
19 silly audit   'own-keys': [ '1.0.1' ],
19 silly audit   'p-finally': [ '1.0.0' ],
19 silly audit   'p-limit': [ '3.1.0', '2.3.0' ],
19 silly audit   'p-locate': [ '4.1.0' ],
19 silly audit   'p-map': [ '2.1.0' ],
19 silly audit   'p-timeout': [ '3.2.0' ],
19 silly audit   'p-try': [ '2.2.0' ],
19 silly audit   pako: [ '1.0.11' ],
19 silly audit   'parse-json': [ '5.2.0' ],
19 silly audit   parseurl: [ '1.3.3' ],
19 silly audit   'path-exists': [ '4.0.0' ],
19 silly audit   'path-is-absolute': [ '1.0.1' ],
19 silly audit   'path-key': [ '3.1.1' ],
19 silly audit   'path-parse': [ '1.0.7' ],
19 silly audit   'path-to-regexp': [ '0.1.12' ],
19 silly audit   'pdf-lib': [ '1.17.1' ],
19 silly audit   picocolors: [ '1.1.1' ],
19 silly audit   picomatch: [ '2.3.1' ],
19 silly audit   pirates: [ '4.0.7' ],
19 silly audit   'pkg-dir': [ '4.2.0' ],
19 silly audit   pngjs: [ '7.0.0' ],
19 silly audit   'possible-typed-array-names': [ '1.1.0' ],
19 silly audit   'prebuild-install': [ '7.1.3' ],
19 silly audit   'tar-fs': [ '2.1.3', '3.1.0' ],
19 silly audit   'tar-stream': [ '2.2.0', '3.1.7' ],
19 silly audit   'pretty-format': [ '29.7.0' ],
19 silly audit   'process-nextick-args': [ '2.0.1' ],
19 silly audit   'promise.prototype.finally': [ '3.1.8' ],
19 silly audit   prompts: [ '2.4.2' ],
19 silly audit   'proxy-addr': [ '2.0.7' ],
19 silly audit   'pstree.remy': [ '1.1.8' ],
19 silly audit   pump: [ '3.0.3' ],
19 silly audit   'pure-rand': [ '6.1.0' ],
19 silly audit   qs: [ '6.13.0' ],
19 silly audit   'range-parser': [ '1.2.1' ],
19 silly audit   'raw-body': [ '2.5.2' ],
19 silly audit   rc: [ '1.2.8' ],
19 silly audit   'strip-json-comments': [ '2.0.1', '3.1.1' ],
19 silly audit   'react-is': [ '18.3.1' ],
19 silly audit   readdirp: [ '3.6.0' ],
19 silly audit   'redis-errors': [ '1.2.0' ],
19 silly audit   'redis-parser': [ '3.0.0' ],
19 silly audit   'reflect.getprototypeof': [ '1.0.10' ],
19 silly audit   'regexp.prototype.flags': [ '1.5.4' ],
19 silly audit   'require-directory': [ '2.1.1' ],
19 silly audit   resolve: [ '1.22.10' ],
19 silly audit   'resolve-cwd': [ '3.0.0' ],
19 silly audit   'resolve-from': [ '5.0.0' ],
19 silly audit   'resolve.exports': [ '2.0.3' ],
19 silly audit   'safe-array-concat': [ '1.1.3' ],
19 silly audit   'safe-push-apply': [ '1.0.0' ],
19 silly audit   'safe-regex-test': [ '1.1.0' ],
19 silly audit   'safe-stable-stringify': [ '2.5.0' ],
19 silly audit   'safer-buffer': [ '2.1.2' ],
19 silly audit   send: [ '0.19.0' ],
19 silly audit   'serve-static': [ '1.16.2' ],
19 silly audit   'set-function-length': [ '1.2.2' ],
19 silly audit   'set-function-name': [ '2.0.2' ],
19 silly audit   'set-proto': [ '1.0.0' ],
19 silly audit   setprototypeof: [ '1.2.0' ],
19 silly audit   sharp: [ '0.32.6' ],
19 silly audit   'shebang-command': [ '2.0.0' ],
19 silly audit   'shebang-regex': [ '3.0.0' ],
19 silly audit   'side-channel': [ '1.1.0' ],
19 silly audit   'side-channel-list': [ '1.0.0' ],
19 silly audit   'side-channel-map': [ '1.0.1' ],
19 silly audit   'side-channel-weakmap': [ '1.0.2' ],
19 silly audit   'signal-exit': [ '3.0.7' ],
19 silly audit   'simple-concat': [ '1.0.1' ],
19 silly audit   'simple-get': [ '4.0.1' ],
19 silly audit   'simple-swizzle': [ '0.2.2' ],
19 silly audit   'simple-update-notifier': [ '2.0.0' ],
19 silly audit   sisteransi: [ '1.0.5' ],
19 silly audit   slash: [ '3.0.0' ],
19 silly audit   'source-map': [ '0.6.1' ],
19 silly audit   'source-map-support': [ '0.5.13' ],
19 silly audit   'sprintf-js': [ '1.0.3' ],
19 silly audit   'stack-trace': [ '0.0.10' ],
19 silly audit   'stack-utils': [ '2.0.6' ],
19 silly audit   'standard-as-callback': [ '2.1.0' ],
19 silly audit   statuses: [ '2.0.1' ],
19 silly audit   'stop-iteration-iterator': [ '1.1.0' ],
19 silly audit   streamsearch: [ '1.1.0' ],
19 silly audit   streamx: [ '2.22.1' ],
19 silly audit   string_decoder: [ '1.1.1' ],
19 silly audit   'string-length': [ '4.0.2' ],
19 silly audit   'string-width': [ '4.2.3' ],
19 silly audit   'string.prototype.trim': [ '1.2.10' ],
19 silly audit   'string.prototype.trimend': [ '1.0.9' ],
19 silly audit   'string.prototype.trimstart': [ '1.0.8' ],
19 silly audit   'strip-ansi': [ '6.0.1' ],
19 silly audit   'strip-bom': [ '4.0.0' ],
19 silly audit   'strip-final-newline': [ '2.0.0' ],
19 silly audit   superagent: [ '8.1.2' ],
19 silly audit   supertest: [ '6.3.4' ],
19 silly audit   'supports-preserve-symlinks-flag': [ '1.0.0' ],
19 silly audit   'test-exclude': [ '6.0.0' ],
19 silly audit   'text-decoder': [ '1.2.3' ],
19 silly audit   'text-hex': [ '1.0.0' ],
19 silly audit   tmpl: [ '1.0.5' ],
19 silly audit   'to-regex-range': [ '5.0.1' ],
19 silly audit   toidentifier: [ '1.0.1' ],
19 silly audit   touch: [ '3.1.1' ],
19 silly audit   'triple-beam': [ '1.4.1' ],
19 silly audit   tslib: [ '1.14.1' ],
19 silly audit   'tunnel-agent': [ '0.6.0' ],
19 silly audit   'type-detect': [ '4.0.8' ],
19 silly audit   'type-fest': [ '0.21.3' ],
19 silly audit   'type-is': [ '1.6.18' ],
19 silly audit   'typed-array-buffer': [ '1.0.3' ],
19 silly audit   'typed-array-byte-length': [ '1.0.3' ],
19 silly audit   'typed-array-byte-offset': [ '1.0.4' ],
19 silly audit   'typed-array-length': [ '1.0.7' ],
19 silly audit   typedarray: [ '0.0.6' ],
19 silly audit   'unbox-primitive': [ '1.1.0' ],
19 silly audit   undefsafe: [ '2.0.5' ],
19 silly audit   'undici-types': [ '7.10.0' ],
19 silly audit   universalify: [ '2.0.1' ],
19 silly audit   unpipe: [ '1.0.0' ],
19 silly audit   'update-browserslist-db': [ '1.1.3' ],
19 silly audit   'util-deprecate': [ '1.0.2' ],
19 silly audit   'util.promisify': [ '1.1.3' ],
19 silly audit   'utils-merge': [ '1.0.1' ],
19 silly audit   'v8-to-istanbul': [ '9.3.0' ],
19 silly audit   vary: [ '1.1.2' ],
19 silly audit   walker: [ '1.0.8' ],
19 silly audit   which: [ '2.0.2' ],
19 silly audit   'which-boxed-primitive': [ '1.1.1' ],
19 silly audit   'which-builtin-type': [ '1.2.1' ],
19 silly audit   'which-collection': [ '1.0.2' ],
19 silly audit   'which-typed-array': [ '1.1.19' ],
19 silly audit   winston: [ '3.17.0' ],
19 silly audit   'winston-transport': [ '4.9.0' ],
19 silly audit   'wrap-ansi': [ '7.0.0' ],
19 silly audit   wrappy: [ '1.0.2' ],
19 silly audit   'write-file-atomic': [ '4.0.2' ],
19 silly audit   xtend: [ '4.0.2' ],
19 silly audit   y18n: [ '5.0.8' ],
19 silly audit   yallist: [ '3.1.1' ],
19 silly audit   yargs: [ '17.7.2' ],
19 silly audit   'yargs-parser': [ '21.1.1' ],
19 silly audit   'yocto-queue': [ '0.1.0' ],
19 silly audit   bull: [ '3.29.3' ]
19 silly audit }
20 verbose reify failed optional dependency /opt/parser/node_modules/fsevents
21 silly reify mark deleted [ '/opt/parser/node_modules/fsevents' ]
22 http cache yocto-queue@https://registry.npmjs.org/yocto-queue/-/yocto-queue-0.1.0.tgz 0ms (cache hit)
23 http cache yargs-parser@https://registry.npmjs.org/yargs-parser/-/yargs-parser-21.1.1.tgz 0ms (cache hit)
24 http cache yargs@https://registry.npmjs.org/yargs/-/yargs-17.7.2.tgz 0ms (cache hit)
25 http cache yallist@https://registry.npmjs.org/yallist/-/yallist-3.1.1.tgz 0ms (cache hit)
26 http cache y18n@https://registry.npmjs.org/y18n/-/y18n-5.0.8.tgz 0ms (cache hit)
27 http cache write-file-atomic@https://registry.npmjs.org/write-file-atomic/-/write-file-atomic-4.0.2.tgz 0ms (cache hit)
28 http cache wrap-ansi@https://registry.npmjs.org/wrap-ansi/-/wrap-ansi-7.0.0.tgz 0ms (cache hit)
29 http cache which@https://registry.npmjs.org/which/-/which-2.0.2.tgz 0ms (cache hit)
30 http cache walker@https://registry.npmjs.org/walker/-/walker-1.0.8.tgz 0ms (cache hit)
31 http cache v8-to-istanbul@https://registry.npmjs.org/v8-to-istanbul/-/v8-to-istanbul-9.3.0.tgz 0ms (cache hit)
32 http cache update-browserslist-db@https://registry.npmjs.org/update-browserslist-db/-/update-browserslist-db-1.1.3.tgz 0ms (cache hit)
33 http cache undici-types@https://registry.npmjs.org/undici-types/-/undici-types-7.10.0.tgz 0ms (cache hit)
34 http cache undefsafe@https://registry.npmjs.org/undefsafe/-/undefsafe-2.0.5.tgz 0ms (cache hit)
35 http cache type-fest@https://registry.npmjs.org/type-fest/-/type-fest-0.21.3.tgz 0ms (cache hit)
36 http cache type-detect@https://registry.npmjs.org/type-detect/-/type-detect-4.0.8.tgz 0ms (cache hit)
37 http cache touch@https://registry.npmjs.org/touch/-/touch-3.1.1.tgz 0ms (cache hit)
38 http cache to-regex-range@https://registry.npmjs.org/to-regex-range/-/to-regex-range-5.0.1.tgz 0ms (cache hit)
39 http cache tmpl@https://registry.npmjs.org/tmpl/-/tmpl-1.0.5.tgz 0ms (cache hit)
40 http cache test-exclude@https://registry.npmjs.org/test-exclude/-/test-exclude-6.0.0.tgz 0ms (cache hit)
41 http cache supports-preserve-symlinks-flag@https://registry.npmjs.org/supports-preserve-symlinks-flag/-/supports-preserve-symlinks-flag-1.0.0.tgz 0ms (cache hit)
42 http cache supports-color@https://registry.npmjs.org/supports-color/-/supports-color-7.2.0.tgz 0ms (cache hit)
43 http cache supertest@https://registry.npmjs.org/supertest/-/supertest-6.3.4.tgz 0ms (cache hit)
44 http cache superagent@https://registry.npmjs.org/superagent/-/superagent-8.1.2.tgz 0ms (cache hit)
45 http cache strip-json-comments@https://registry.npmjs.org/strip-json-comments/-/strip-json-comments-3.1.1.tgz 0ms (cache hit)
46 http cache strip-final-newline@https://registry.npmjs.org/strip-final-newline/-/strip-final-newline-2.0.0.tgz 0ms (cache hit)
47 http cache strip-bom@https://registry.npmjs.org/strip-bom/-/strip-bom-4.0.0.tgz 0ms (cache hit)
48 http cache strip-ansi@https://registry.npmjs.org/strip-ansi/-/strip-ansi-6.0.1.tgz 0ms (cache hit)
49 http cache string-width@https://registry.npmjs.org/string-width/-/string-width-4.2.3.tgz 0ms (cache hit)
50 http cache string-length@https://registry.npmjs.org/string-length/-/string-length-4.0.2.tgz 0ms (cache hit)
51 http cache stack-utils@https://registry.npmjs.org/stack-utils/-/stack-utils-2.0.6.tgz 0ms (cache hit)
52 http cache sprintf-js@https://registry.npmjs.org/sprintf-js/-/sprintf-js-1.0.3.tgz 0ms (cache hit)
53 http cache source-map-support@https://registry.npmjs.org/source-map-support/-/source-map-support-0.5.13.tgz 0ms (cache hit)
54 http cache source-map@https://registry.npmjs.org/source-map/-/source-map-0.6.1.tgz 0ms (cache hit)
55 http cache slash@https://registry.npmjs.org/slash/-/slash-3.0.0.tgz 0ms (cache hit)
56 http cache sisteransi@https://registry.npmjs.org/sisteransi/-/sisteransi-1.0.5.tgz 0ms (cache hit)
57 http cache simple-update-notifier@https://registry.npmjs.org/simple-update-notifier/-/simple-update-notifier-2.0.0.tgz 0ms (cache hit)
58 http cache signal-exit@https://registry.npmjs.org/signal-exit/-/signal-exit-3.0.7.tgz 0ms (cache hit)
59 http cache shebang-regex@https://registry.npmjs.org/shebang-regex/-/shebang-regex-3.0.0.tgz 0ms (cache hit)
60 http cache shebang-command@https://registry.npmjs.org/shebang-command/-/shebang-command-2.0.0.tgz 0ms (cache hit)
61 http cache resolve.exports@https://registry.npmjs.org/resolve.exports/-/resolve.exports-2.0.3.tgz 0ms (cache hit)
62 http cache resolve-from@https://registry.npmjs.org/resolve-from/-/resolve-from-5.0.0.tgz 1ms (cache hit)
63 http cache resolve-cwd@https://registry.npmjs.org/resolve-cwd/-/resolve-cwd-3.0.0.tgz 0ms (cache hit)
64 http cache resolve@https://registry.npmjs.org/resolve/-/resolve-1.22.10.tgz 0ms (cache hit)
65 http cache require-directory@https://registry.npmjs.org/require-directory/-/require-directory-2.1.1.tgz 0ms (cache hit)
66 http cache readdirp@https://registry.npmjs.org/readdirp/-/readdirp-3.6.0.tgz 0ms (cache hit)
67 http cache react-is@https://registry.npmjs.org/react-is/-/react-is-18.3.1.tgz 0ms (cache hit)
68 http cache pure-rand@https://registry.npmjs.org/pure-rand/-/pure-rand-6.1.0.tgz 0ms (cache hit)
69 http cache pstree.remy@https://registry.npmjs.org/pstree.remy/-/pstree.remy-1.1.8.tgz 0ms (cache hit)
70 http cache prompts@https://registry.npmjs.org/prompts/-/prompts-2.4.2.tgz 0ms (cache hit)
71 http cache pretty-format@https://registry.npmjs.org/pretty-format/-/pretty-format-29.7.0.tgz 0ms (cache hit)
72 http cache pkg-dir@https://registry.npmjs.org/pkg-dir/-/pkg-dir-4.2.0.tgz 0ms (cache hit)
73 http cache pirates@https://registry.npmjs.org/pirates/-/pirates-4.0.7.tgz 0ms (cache hit)
74 http cache picomatch@https://registry.npmjs.org/picomatch/-/picomatch-2.3.1.tgz 0ms (cache hit)
75 http cache picocolors@https://registry.npmjs.org/picocolors/-/picocolors-1.1.1.tgz 0ms (cache hit)
76 http cache path-parse@https://registry.npmjs.org/path-parse/-/path-parse-1.0.7.tgz 0ms (cache hit)
77 http cache path-key@https://registry.npmjs.org/path-key/-/path-key-3.1.1.tgz 0ms (cache hit)
78 http cache path-is-absolute@https://registry.npmjs.org/path-is-absolute/-/path-is-absolute-1.0.1.tgz 0ms (cache hit)
79 http cache path-exists@https://registry.npmjs.org/path-exists/-/path-exists-4.0.0.tgz 1ms (cache hit)
80 http cache parse-json@https://registry.npmjs.org/parse-json/-/parse-json-5.2.0.tgz 0ms (cache hit)
81 http cache p-try@https://registry.npmjs.org/p-try/-/p-try-2.2.0.tgz 0ms (cache hit)
82 http cache p-locate@https://registry.npmjs.org/p-locate/-/p-locate-4.1.0.tgz 0ms (cache hit)
83 http cache p-limit@https://registry.npmjs.org/p-limit/-/p-limit-3.1.0.tgz 0ms (cache hit)
84 http cache onetime@https://registry.npmjs.org/onetime/-/onetime-5.1.2.tgz 0ms (cache hit)
85 http cache npm-run-path@https://registry.npmjs.org/npm-run-path/-/npm-run-path-4.0.1.tgz 0ms (cache hit)
86 http cache normalize-path@https://registry.npmjs.org/normalize-path/-/normalize-path-3.0.0.tgz 0ms (cache hit)
87 http cache nodemon@https://registry.npmjs.org/nodemon/-/nodemon-3.1.10.tgz 0ms (cache hit)
88 http cache node-releases@https://registry.npmjs.org/node-releases/-/node-releases-2.0.19.tgz 0ms (cache hit)
89 http cache node-int64@https://registry.npmjs.org/node-int64/-/node-int64-0.4.0.tgz 0ms (cache hit)
90 http cache natural-compare@https://registry.npmjs.org/natural-compare/-/natural-compare-1.4.0.tgz 0ms (cache hit)
91 http cache minimatch@https://registry.npmjs.org/minimatch/-/minimatch-3.1.2.tgz 0ms (cache hit)
92 http cache mimic-fn@https://registry.npmjs.org/mimic-fn/-/mimic-fn-2.1.0.tgz 0ms (cache hit)
93 http cache micromatch@https://registry.npmjs.org/micromatch/-/micromatch-4.0.8.tgz 0ms (cache hit)
94 http cache merge-stream@https://registry.npmjs.org/merge-stream/-/merge-stream-2.0.0.tgz 0ms (cache hit)
95 http cache makeerror@https://registry.npmjs.org/makeerror/-/makeerror-1.0.12.tgz 0ms (cache hit)
96 http cache make-dir@https://registry.npmjs.org/make-dir/-/make-dir-4.0.0.tgz 1ms (cache hit)
97 http cache lru-cache@https://registry.npmjs.org/lru-cache/-/lru-cache-5.1.1.tgz 0ms (cache hit)
98 http cache locate-path@https://registry.npmjs.org/locate-path/-/locate-path-5.0.0.tgz 0ms (cache hit)
99 http cache lines-and-columns@https://registry.npmjs.org/lines-and-columns/-/lines-and-columns-1.2.4.tgz 0ms (cache hit)
100 http cache leven@https://registry.npmjs.org/leven/-/leven-3.1.0.tgz 0ms (cache hit)
101 http cache kleur@https://registry.npmjs.org/kleur/-/kleur-3.0.3.tgz 0ms (cache hit)
102 http cache json5@https://registry.npmjs.org/json5/-/json5-2.2.3.tgz 0ms (cache hit)
103 http cache json-parse-even-better-errors@https://registry.npmjs.org/json-parse-even-better-errors/-/json-parse-even-better-errors-2.3.1.tgz 0ms (cache hit)
104 http cache jsesc@https://registry.npmjs.org/jsesc/-/jsesc-3.1.0.tgz 0ms (cache hit)
105 http cache js-yaml@https://registry.npmjs.org/js-yaml/-/js-yaml-3.14.1.tgz 0ms (cache hit)
106 http cache js-tokens@https://registry.npmjs.org/js-tokens/-/js-tokens-4.0.0.tgz 0ms (cache hit)
107 http cache jest-worker@https://registry.npmjs.org/jest-worker/-/jest-worker-29.7.0.tgz 0ms (cache hit)
108 http cache jest-watcher@https://registry.npmjs.org/jest-watcher/-/jest-watcher-29.7.0.tgz 0ms (cache hit)
109 http cache jest-validate@https://registry.npmjs.org/jest-validate/-/jest-validate-29.7.0.tgz 0ms (cache hit)
110 http cache jest-util@https://registry.npmjs.org/jest-util/-/jest-util-29.7.0.tgz 0ms (cache hit)
111 http cache jest-snapshot@https://registry.npmjs.org/jest-snapshot/-/jest-snapshot-29.7.0.tgz 0ms (cache hit)
112 http cache jest-runtime@https://registry.npmjs.org/jest-runtime/-/jest-runtime-29.7.0.tgz 0ms (cache hit)
113 http cache jest-runner@https://registry.npmjs.org/jest-runner/-/jest-runner-29.7.0.tgz 0ms (cache hit)
114 http cache jest-resolve-dependencies@https://registry.npmjs.org/jest-resolve-dependencies/-/jest-resolve-dependencies-29.7.0.tgz 0ms (cache hit)
115 http cache jest-resolve@https://registry.npmjs.org/jest-resolve/-/jest-resolve-29.7.0.tgz 0ms (cache hit)
116 http cache jest-regex-util@https://registry.npmjs.org/jest-regex-util/-/jest-regex-util-29.6.3.tgz 0ms (cache hit)
117 http cache jest-pnp-resolver@https://registry.npmjs.org/jest-pnp-resolver/-/jest-pnp-resolver-1.2.3.tgz 0ms (cache hit)
118 http cache jest-mock@https://registry.npmjs.org/jest-mock/-/jest-mock-29.7.0.tgz 0ms (cache hit)
119 http cache jest-message-util@https://registry.npmjs.org/jest-message-util/-/jest-message-util-29.7.0.tgz 0ms (cache hit)
120 http cache jest-matcher-utils@https://registry.npmjs.org/jest-matcher-utils/-/jest-matcher-utils-29.7.0.tgz 0ms (cache hit)
121 http cache jest-leak-detector@https://registry.npmjs.org/jest-leak-detector/-/jest-leak-detector-29.7.0.tgz 0ms (cache hit)
122 http cache jest-haste-map@https://registry.npmjs.org/jest-haste-map/-/jest-haste-map-29.7.0.tgz 0ms (cache hit)
123 http cache jest-get-type@https://registry.npmjs.org/jest-get-type/-/jest-get-type-29.6.3.tgz 0ms (cache hit)
124 http cache jest-environment-node@https://registry.npmjs.org/jest-environment-node/-/jest-environment-node-29.7.0.tgz 0ms (cache hit)
125 http cache jest-each@https://registry.npmjs.org/jest-each/-/jest-each-29.7.0.tgz 0ms (cache hit)
126 http cache jest-docblock@https://registry.npmjs.org/jest-docblock/-/jest-docblock-29.7.0.tgz 0ms (cache hit)
127 http cache jest-diff@https://registry.npmjs.org/jest-diff/-/jest-diff-29.7.0.tgz 0ms (cache hit)
128 http cache jest-config@https://registry.npmjs.org/jest-config/-/jest-config-29.7.0.tgz 0ms (cache hit)
129 http cache jest-cli@https://registry.npmjs.org/jest-cli/-/jest-cli-29.7.0.tgz 0ms (cache hit)
130 http cache jest-circus@https://registry.npmjs.org/jest-circus/-/jest-circus-29.7.0.tgz 0ms (cache hit)
131 http cache jest-changed-files@https://registry.npmjs.org/jest-changed-files/-/jest-changed-files-29.7.0.tgz 0ms (cache hit)
132 http cache jest@https://registry.npmjs.org/jest/-/jest-29.7.0.tgz 0ms (cache hit)
133 http cache istanbul-reports@https://registry.npmjs.org/istanbul-reports/-/istanbul-reports-3.2.0.tgz 0ms (cache hit)
134 http cache istanbul-lib-source-maps@https://registry.npmjs.org/istanbul-lib-source-maps/-/istanbul-lib-source-maps-4.0.1.tgz 0ms (cache hit)
135 http cache istanbul-lib-report@https://registry.npmjs.org/istanbul-lib-report/-/istanbul-lib-report-3.0.1.tgz 0ms (cache hit)
136 http cache istanbul-lib-instrument@https://registry.npmjs.org/istanbul-lib-instrument/-/istanbul-lib-instrument-6.0.3.tgz 0ms (cache hit)
137 http cache istanbul-lib-coverage@https://registry.npmjs.org/istanbul-lib-coverage/-/istanbul-lib-coverage-3.2.2.tgz 0ms (cache hit)
138 http cache isexe@https://registry.npmjs.org/isexe/-/isexe-2.0.0.tgz 0ms (cache hit)
139 http cache is-number@https://registry.npmjs.org/is-number/-/is-number-7.0.0.tgz 0ms (cache hit)
140 http cache is-glob@https://registry.npmjs.org/is-glob/-/is-glob-4.0.3.tgz 0ms (cache hit)
141 http cache is-generator-fn@https://registry.npmjs.org/is-generator-fn/-/is-generator-fn-2.1.0.tgz 0ms (cache hit)
142 http cache is-fullwidth-code-point@https://registry.npmjs.org/is-fullwidth-code-point/-/is-fullwidth-code-point-3.0.0.tgz 0ms (cache hit)
143 http cache is-extglob@https://registry.npmjs.org/is-extglob/-/is-extglob-2.1.1.tgz 0ms (cache hit)
144 http cache is-core-module@https://registry.npmjs.org/is-core-module/-/is-core-module-2.16.1.tgz 0ms (cache hit)
145 http cache is-binary-path@https://registry.npmjs.org/is-binary-path/-/is-binary-path-2.1.0.tgz 0ms (cache hit)
146 http cache is-arrayish@https://registry.npmjs.org/is-arrayish/-/is-arrayish-0.2.1.tgz 0ms (cache hit)
147 http cache inflight@https://registry.npmjs.org/inflight/-/inflight-1.0.6.tgz 0ms (cache hit)
148 http cache imurmurhash@https://registry.npmjs.org/imurmurhash/-/imurmurhash-0.1.4.tgz 0ms (cache hit)
149 http cache import-local@https://registry.npmjs.org/import-local/-/import-local-3.2.0.tgz 0ms (cache hit)
150 http cache ignore-by-default@https://registry.npmjs.org/ignore-by-default/-/ignore-by-default-1.0.1.tgz 0ms (cache hit)
151 http cache human-signals@https://registry.npmjs.org/human-signals/-/human-signals-2.1.0.tgz 0ms (cache hit)
152 http cache html-escaper@https://registry.npmjs.org/html-escaper/-/html-escaper-2.0.2.tgz 0ms (cache hit)
153 http cache has-flag@https://registry.npmjs.org/has-flag/-/has-flag-4.0.0.tgz 0ms (cache hit)
154 http cache glob-parent@https://registry.npmjs.org/glob-parent/-/glob-parent-5.1.2.tgz 0ms (cache hit)
155 http cache glob@https://registry.npmjs.org/glob/-/glob-7.2.3.tgz 0ms (cache hit)
156 http cache get-stream@https://registry.npmjs.org/get-stream/-/get-stream-6.0.1.tgz 0ms (cache hit)
157 http cache get-package-type@https://registry.npmjs.org/get-package-type/-/get-package-type-0.1.0.tgz 0ms (cache hit)
158 http cache get-caller-file@https://registry.npmjs.org/get-caller-file/-/get-caller-file-2.0.5.tgz 0ms (cache hit)
159 http cache gensync@https://registry.npmjs.org/gensync/-/gensync-1.0.0-beta.2.tgz 0ms (cache hit)
160 http cache fs.realpath@https://registry.npmjs.org/fs.realpath/-/fs.realpath-1.0.0.tgz 0ms (cache hit)
161 http cache formidable@https://registry.npmjs.org/formidable/-/formidable-2.1.5.tgz 0ms (cache hit)
162 http cache find-up@https://registry.npmjs.org/find-up/-/find-up-4.1.0.tgz 0ms (cache hit)
163 http cache fill-range@https://registry.npmjs.org/fill-range/-/fill-range-7.1.1.tgz 0ms (cache hit)
164 http cache fb-watchman@https://registry.npmjs.org/fb-watchman/-/fb-watchman-2.0.2.tgz 0ms (cache hit)
165 http cache fast-safe-stringify@https://registry.npmjs.org/fast-safe-stringify/-/fast-safe-stringify-2.1.1.tgz 0ms (cache hit)
166 http cache fast-json-stable-stringify@https://registry.npmjs.org/fast-json-stable-stringify/-/fast-json-stable-stringify-2.1.0.tgz 0ms (cache hit)
167 http cache expect@https://registry.npmjs.org/expect/-/expect-29.7.0.tgz 0ms (cache hit)
168 http cache exit@https://registry.npmjs.org/exit/-/exit-0.1.2.tgz 0ms (cache hit)
169 http cache execa@https://registry.npmjs.org/execa/-/execa-5.1.1.tgz 0ms (cache hit)
170 http cache esprima@https://registry.npmjs.org/esprima/-/esprima-4.0.1.tgz 0ms (cache hit)
171 http cache escape-string-regexp@https://registry.npmjs.org/escape-string-regexp/-/escape-string-regexp-2.0.0.tgz 0ms (cache hit)
172 http cache escalade@https://registry.npmjs.org/escalade/-/escalade-3.2.0.tgz 0ms (cache hit)
173 http cache error-ex@https://registry.npmjs.org/error-ex/-/error-ex-1.3.2.tgz 0ms (cache hit)
174 http cache emoji-regex@https://registry.npmjs.org/emoji-regex/-/emoji-regex-8.0.0.tgz 0ms (cache hit)
175 http cache emittery@https://registry.npmjs.org/emittery/-/emittery-0.13.1.tgz 0ms (cache hit)
176 http cache electron-to-chromium@https://registry.npmjs.org/electron-to-chromium/-/electron-to-chromium-1.5.211.tgz 0ms (cache hit)
177 http cache diff-sequences@https://registry.npmjs.org/diff-sequences/-/diff-sequences-29.6.3.tgz 0ms (cache hit)
178 http cache dezalgo@https://registry.npmjs.org/dezalgo/-/dezalgo-1.0.4.tgz 0ms (cache hit)
179 http cache detect-newline@https://registry.npmjs.org/detect-newline/-/detect-newline-3.1.0.tgz 0ms (cache hit)
180 http cache deepmerge@https://registry.npmjs.org/deepmerge/-/deepmerge-4.3.1.tgz 0ms (cache hit)
181 http cache dedent@https://registry.npmjs.org/dedent/-/dedent-1.6.0.tgz 0ms (cache hit)
182 http cache cross-spawn@https://registry.npmjs.org/cross-spawn/-/cross-spawn-7.0.6.tgz 0ms (cache hit)
183 http cache create-jest@https://registry.npmjs.org/create-jest/-/create-jest-29.7.0.tgz 0ms (cache hit)
184 http cache cookiejar@https://registry.npmjs.org/cookiejar/-/cookiejar-2.1.4.tgz 0ms (cache hit)
185 http cache convert-source-map@https://registry.npmjs.org/convert-source-map/-/convert-source-map-2.0.0.tgz 0ms (cache hit)
186 http cache concat-map@https://registry.npmjs.org/concat-map/-/concat-map-0.0.1.tgz 0ms (cache hit)
187 http cache component-emitter@https://registry.npmjs.org/component-emitter/-/component-emitter-1.3.1.tgz 0ms (cache hit)
188 http cache collect-v8-coverage@https://registry.npmjs.org/collect-v8-coverage/-/collect-v8-coverage-1.0.2.tgz 0ms (cache hit)
189 http cache co@https://registry.npmjs.org/co/-/co-4.6.0.tgz 0ms (cache hit)
190 http cache cliui@https://registry.npmjs.org/cliui/-/cliui-8.0.1.tgz 0ms (cache hit)
191 http cache cjs-module-lexer@https://registry.npmjs.org/cjs-module-lexer/-/cjs-module-lexer-1.4.3.tgz 0ms (cache hit)
192 http cache ci-info@https://registry.npmjs.org/ci-info/-/ci-info-3.9.0.tgz 0ms (cache hit)
193 http cache chokidar@https://registry.npmjs.org/chokidar/-/chokidar-3.6.0.tgz 0ms (cache hit)
194 http cache char-regex@https://registry.npmjs.org/char-regex/-/char-regex-1.0.2.tgz 0ms (cache hit)
195 http cache chalk@https://registry.npmjs.org/chalk/-/chalk-4.1.2.tgz 0ms (cache hit)
196 http cache caniuse-lite@https://registry.npmjs.org/caniuse-lite/-/caniuse-lite-1.0.30001737.tgz 0ms (cache hit)
197 http cache camelcase@https://registry.npmjs.org/camelcase/-/camelcase-5.3.1.tgz 0ms (cache hit)
198 http cache callsites@https://registry.npmjs.org/callsites/-/callsites-3.1.0.tgz 0ms (cache hit)
199 http cache bser@https://registry.npmjs.org/bser/-/bser-2.1.1.tgz 0ms (cache hit)
200 http cache browserslist@https://registry.npmjs.org/browserslist/-/browserslist-4.25.4.tgz 0ms (cache hit)
201 http cache braces@https://registry.npmjs.org/braces/-/braces-3.0.3.tgz 0ms (cache hit)
202 http cache brace-expansion@https://registry.npmjs.org/brace-expansion/-/brace-expansion-1.1.12.tgz 0ms (cache hit)
203 http cache binary-extensions@https://registry.npmjs.org/binary-extensions/-/binary-extensions-2.3.0.tgz 0ms (cache hit)
204 http cache balanced-match@https://registry.npmjs.org/balanced-match/-/balanced-match-1.0.2.tgz 0ms (cache hit)
205 http cache babel-preset-jest@https://registry.npmjs.org/babel-preset-jest/-/babel-preset-jest-29.6.3.tgz 0ms (cache hit)
206 http cache babel-preset-current-node-syntax@https://registry.npmjs.org/babel-preset-current-node-syntax/-/babel-preset-current-node-syntax-1.2.0.tgz 0ms (cache hit)
207 http cache babel-plugin-jest-hoist@https://registry.npmjs.org/babel-plugin-jest-hoist/-/babel-plugin-jest-hoist-29.6.3.tgz 0ms (cache hit)
208 http cache babel-plugin-istanbul@https://registry.npmjs.org/babel-plugin-istanbul/-/babel-plugin-istanbul-6.1.1.tgz 0ms (cache hit)
209 http cache babel-jest@https://registry.npmjs.org/babel-jest/-/babel-jest-29.7.0.tgz 0ms (cache hit)
210 http cache asap@https://registry.npmjs.org/asap/-/asap-2.0.6.tgz 0ms (cache hit)
211 http cache argparse@https://registry.npmjs.org/argparse/-/argparse-1.0.10.tgz 0ms (cache hit)
212 http cache anymatch@https://registry.npmjs.org/anymatch/-/anymatch-3.1.3.tgz 0ms (cache hit)
213 http cache ansi-styles@https://registry.npmjs.org/ansi-styles/-/ansi-styles-4.3.0.tgz 0ms (cache hit)
214 http cache ansi-regex@https://registry.npmjs.org/ansi-regex/-/ansi-regex-5.0.1.tgz 0ms (cache hit)
215 http cache ansi-escapes@https://registry.npmjs.org/ansi-escapes/-/ansi-escapes-4.3.2.tgz 0ms (cache hit)
216 http cache @types/yargs-parser@https://registry.npmjs.org/@types/yargs-parser/-/yargs-parser-21.0.3.tgz 0ms (cache hit)
217 http cache @types/yargs@https://registry.npmjs.org/@types/yargs/-/yargs-17.0.33.tgz 0ms (cache hit)
218 http cache @types/stack-utils@https://registry.npmjs.org/@types/stack-utils/-/stack-utils-2.0.3.tgz 0ms (cache hit)
219 http cache @types/node@https://registry.npmjs.org/@types/node/-/node-24.3.0.tgz 0ms (cache hit)
220 http cache @types/istanbul-reports@https://registry.npmjs.org/@types/istanbul-reports/-/istanbul-reports-3.0.4.tgz 0ms (cache hit)
221 http cache @types/istanbul-lib-report@https://registry.npmjs.org/@types/istanbul-lib-report/-/istanbul-lib-report-3.0.3.tgz 0ms (cache hit)
222 http cache @types/istanbul-lib-coverage@https://registry.npmjs.org/@types/istanbul-lib-coverage/-/istanbul-lib-coverage-2.0.6.tgz 0ms (cache hit)
223 http cache @types/graceful-fs@https://registry.npmjs.org/@types/graceful-fs/-/graceful-fs-4.1.9.tgz 0ms (cache hit)
224 http cache @types/babel__traverse@https://registry.npmjs.org/@types/babel__traverse/-/babel__traverse-7.28.0.tgz 0ms (cache hit)
225 http cache @types/babel__template@https://registry.npmjs.org/@types/babel__template/-/babel__template-7.4.4.tgz 0ms (cache hit)
226 http cache @types/babel__generator@https://registry.npmjs.org/@types/babel__generator/-/babel__generator-7.27.0.tgz 0ms (cache hit)
227 http cache @types/babel__core@https://registry.npmjs.org/@types/babel__core/-/babel__core-7.20.5.tgz 0ms (cache hit)
228 http cache @sinonjs/fake-timers@https://registry.npmjs.org/@sinonjs/fake-timers/-/fake-timers-10.3.0.tgz 0ms (cache hit)
229 http cache @sinonjs/commons@https://registry.npmjs.org/@sinonjs/commons/-/commons-3.0.1.tgz 0ms (cache hit)
230 http cache @sinclair/typebox@https://registry.npmjs.org/@sinclair/typebox/-/typebox-0.27.8.tgz 0ms (cache hit)
231 http cache @paralleldrive/cuid2@https://registry.npmjs.org/@paralleldrive/cuid2/-/cuid2-2.2.2.tgz 0ms (cache hit)
232 http cache @noble/hashes@https://registry.npmjs.org/@noble/hashes/-/hashes-1.8.0.tgz 0ms (cache hit)
233 http cache @jridgewell/trace-mapping@https://registry.npmjs.org/@jridgewell/trace-mapping/-/trace-mapping-0.3.30.tgz 0ms (cache hit)
234 http cache @jridgewell/resolve-uri@https://registry.npmjs.org/@jridgewell/resolve-uri/-/resolve-uri-3.1.2.tgz 0ms (cache hit)
235 http cache @jridgewell/sourcemap-codec@https://registry.npmjs.org/@jridgewell/sourcemap-codec/-/sourcemap-codec-1.5.5.tgz 0ms (cache hit)
236 http cache @jridgewell/gen-mapping@https://registry.npmjs.org/@jridgewell/gen-mapping/-/gen-mapping-0.3.13.tgz 0ms (cache hit)
237 http cache @jest/types@https://registry.npmjs.org/@jest/types/-/types-29.6.3.tgz 0ms (cache hit)
238 http cache @jest/transform@https://registry.npmjs.org/@jest/transform/-/transform-29.7.0.tgz 0ms (cache hit)
239 http cache @jest/test-result@https://registry.npmjs.org/@jest/test-result/-/test-result-29.7.0.tgz 0ms (cache hit)
240 http cache @jest/source-map@https://registry.npmjs.org/@jest/source-map/-/source-map-29.6.3.tgz 0ms (cache hit)
241 http cache @jest/test-sequencer@https://registry.npmjs.org/@jest/test-sequencer/-/test-sequencer-29.7.0.tgz 0ms (cache hit)
242 http cache @jest/schemas@https://registry.npmjs.org/@jest/schemas/-/schemas-29.6.3.tgz 0ms (cache hit)
243 http cache @jest/reporters@https://registry.npmjs.org/@jest/reporters/-/reporters-29.7.0.tgz 0ms (cache hit)
244 http cache @jest/globals@https://registry.npmjs.org/@jest/globals/-/globals-29.7.0.tgz 0ms (cache hit)
245 http cache @jest/fake-timers@https://registry.npmjs.org/@jest/fake-timers/-/fake-timers-29.7.0.tgz 0ms (cache hit)
246 http cache @jest/expect-utils@https://registry.npmjs.org/@jest/expect-utils/-/expect-utils-29.7.0.tgz 0ms (cache hit)
247 http cache @jest/expect@https://registry.npmjs.org/@jest/expect/-/expect-29.7.0.tgz 0ms (cache hit)
248 http cache @jest/environment@https://registry.npmjs.org/@jest/environment/-/environment-29.7.0.tgz 0ms (cache hit)
249 http cache @jest/core@https://registry.npmjs.org/@jest/core/-/core-29.7.0.tgz 0ms (cache hit)
250 http cache @jest/console@https://registry.npmjs.org/@jest/console/-/console-29.7.0.tgz 0ms (cache hit)
251 http cache @istanbuljs/schema@https://registry.npmjs.org/@istanbuljs/schema/-/schema-0.1.3.tgz 0ms (cache hit)
252 http cache @istanbuljs/load-nyc-config@https://registry.npmjs.org/@istanbuljs/load-nyc-config/-/load-nyc-config-1.1.0.tgz 0ms (cache hit)
253 http cache @bcoe/v8-coverage@https://registry.npmjs.org/@bcoe/v8-coverage/-/v8-coverage-0.2.3.tgz 0ms (cache hit)
254 http cache @babel/types@https://registry.npmjs.org/@babel/types/-/types-7.28.2.tgz 0ms (cache hit)
255 http cache @babel/traverse@https://registry.npmjs.org/@babel/traverse/-/traverse-7.28.3.tgz 0ms (cache hit)
256 http cache @babel/template@https://registry.npmjs.org/@babel/template/-/template-7.27.2.tgz 0ms (cache hit)
257 http cache @babel/plugin-syntax-typescript@https://registry.npmjs.org/@babel/plugin-syntax-typescript/-/plugin-syntax-typescript-7.27.1.tgz 0ms (cache hit)
258 http cache @babel/plugin-syntax-top-level-await@https://registry.npmjs.org/@babel/plugin-syntax-top-level-await/-/plugin-syntax-top-level-await-7.14.5.tgz 0ms (cache hit)
259 http cache @babel/plugin-syntax-private-property-in-object@https://registry.npmjs.org/@babel/plugin-syntax-private-property-in-object/-/plugin-syntax-private-property-in-object-7.14.5.tgz 1ms (cache hit)
260 http cache @babel/plugin-syntax-optional-chaining@https://registry.npmjs.org/@babel/plugin-syntax-optional-chaining/-/plugin-syntax-optional-chaining-7.8.3.tgz 0ms (cache hit)
261 http cache @babel/plugin-syntax-optional-catch-binding@https://registry.npmjs.org/@babel/plugin-syntax-optional-catch-binding/-/plugin-syntax-optional-catch-binding-7.8.3.tgz 0ms (cache hit)
262 http cache @babel/plugin-syntax-object-rest-spread@https://registry.npmjs.org/@babel/plugin-syntax-object-rest-spread/-/plugin-syntax-object-rest-spread-7.8.3.tgz 0ms (cache hit)
263 http cache @babel/plugin-syntax-numeric-separator@https://registry.npmjs.org/@babel/plugin-syntax-numeric-separator/-/plugin-syntax-numeric-separator-7.10.4.tgz 0ms (cache hit)
264 http cache @babel/plugin-syntax-nullish-coalescing-operator@https://registry.npmjs.org/@babel/plugin-syntax-nullish-coalescing-operator/-/plugin-syntax-nullish-coalescing-operator-7.8.3.tgz 0ms (cache hit)
265 http cache @babel/plugin-syntax-logical-assignment-operators@https://registry.npmjs.org/@babel/plugin-syntax-logical-assignment-operators/-/plugin-syntax-logical-assignment-operators-7.10.4.tgz 0ms (cache hit)
266 http cache @babel/plugin-syntax-jsx@https://registry.npmjs.org/@babel/plugin-syntax-jsx/-/plugin-syntax-jsx-7.27.1.tgz 0ms (cache hit)
267 http cache @babel/plugin-syntax-json-strings@https://registry.npmjs.org/@babel/plugin-syntax-json-strings/-/plugin-syntax-json-strings-7.8.3.tgz 0ms (cache hit)
268 http cache @babel/plugin-syntax-import-meta@https://registry.npmjs.org/@babel/plugin-syntax-import-meta/-/plugin-syntax-import-meta-7.10.4.tgz 0ms (cache hit)
269 http cache @babel/plugin-syntax-import-attributes@https://registry.npmjs.org/@babel/plugin-syntax-import-attributes/-/plugin-syntax-import-attributes-7.27.1.tgz 0ms (cache hit)
270 http cache @babel/plugin-syntax-class-static-block@https://registry.npmjs.org/@babel/plugin-syntax-class-static-block/-/plugin-syntax-class-static-block-7.14.5.tgz 0ms (cache hit)
271 http cache @babel/plugin-syntax-class-properties@https://registry.npmjs.org/@babel/plugin-syntax-class-properties/-/plugin-syntax-class-properties-7.12.13.tgz 0ms (cache hit)
272 http cache @babel/plugin-syntax-bigint@https://registry.npmjs.org/@babel/plugin-syntax-bigint/-/plugin-syntax-bigint-7.8.3.tgz 0ms (cache hit)
273 http cache @babel/plugin-syntax-async-generators@https://registry.npmjs.org/@babel/plugin-syntax-async-generators/-/plugin-syntax-async-generators-7.8.4.tgz 0ms (cache hit)
274 http cache @babel/parser@https://registry.npmjs.org/@babel/parser/-/parser-7.28.3.tgz 0ms (cache hit)
275 http cache @babel/helpers@https://registry.npmjs.org/@babel/helpers/-/helpers-7.28.3.tgz 0ms (cache hit)
276 http cache @babel/helper-validator-option@https://registry.npmjs.org/@babel/helper-validator-option/-/helper-validator-option-7.27.1.tgz 0ms (cache hit)
277 http cache @babel/helper-validator-identifier@https://registry.npmjs.org/@babel/helper-validator-identifier/-/helper-validator-identifier-7.27.1.tgz 0ms (cache hit)
278 http cache @babel/helper-string-parser@https://registry.npmjs.org/@babel/helper-string-parser/-/helper-string-parser-7.27.1.tgz 0ms (cache hit)
279 http cache @babel/helper-plugin-utils@https://registry.npmjs.org/@babel/helper-plugin-utils/-/helper-plugin-utils-7.27.1.tgz 0ms (cache hit)
280 http cache @babel/helper-module-transforms@https://registry.npmjs.org/@babel/helper-module-transforms/-/helper-module-transforms-7.28.3.tgz 0ms (cache hit)
281 http cache @babel/helper-module-imports@https://registry.npmjs.org/@babel/helper-module-imports/-/helper-module-imports-7.27.1.tgz 0ms (cache hit)
282 http cache @babel/helper-globals@https://registry.npmjs.org/@babel/helper-globals/-/helper-globals-7.28.0.tgz 0ms (cache hit)
283 http cache @babel/helper-compilation-targets@https://registry.npmjs.org/@babel/helper-compilation-targets/-/helper-compilation-targets-7.27.2.tgz 0ms (cache hit)
284 http cache @babel/generator@https://registry.npmjs.org/@babel/generator/-/generator-7.28.3.tgz 0ms (cache hit)
285 http cache @babel/core@https://registry.npmjs.org/@babel/core/-/core-7.28.3.tgz 0ms (cache hit)
286 http cache @babel/compat-data@https://registry.npmjs.org/@babel/compat-data/-/compat-data-7.28.0.tgz 0ms (cache hit)
287 http cache @babel/code-frame@https://registry.npmjs.org/@babel/code-frame/-/code-frame-7.27.1.tgz 0ms (cache hit)
288 http cache @ampproject/remapping@https://registry.npmjs.org/@ampproject/remapping/-/remapping-2.3.0.tgz 0ms (cache hit)
289 http cache ms@https://registry.npmjs.org/ms/-/ms-2.1.3.tgz 0ms (cache hit)
290 http cache mime@https://registry.npmjs.org/mime/-/mime-2.6.0.tgz 0ms (cache hit)
291 http cache debug@https://registry.npmjs.org/debug/-/debug-4.4.1.tgz 0ms (cache hit)
292 http cache ansi-styles@https://registry.npmjs.org/ansi-styles/-/ansi-styles-5.2.0.tgz 0ms (cache hit)
293 http cache p-limit@https://registry.npmjs.org/p-limit/-/p-limit-2.3.0.tgz 0ms (cache hit)
294 http cache supports-color@https://registry.npmjs.org/supports-color/-/supports-color-5.5.0.tgz 0ms (cache hit)
295 http cache ms@https://registry.npmjs.org/ms/-/ms-2.1.3.tgz 0ms (cache hit)
296 http cache has-flag@https://registry.npmjs.org/has-flag/-/has-flag-3.0.0.tgz 0ms (cache hit)
297 http cache debug@https://registry.npmjs.org/debug/-/debug-4.4.1.tgz 0ms (cache hit)
298 http cache supports-color@https://registry.npmjs.org/supports-color/-/supports-color-8.1.1.tgz 0ms (cache hit)
299 http cache camelcase@https://registry.npmjs.org/camelcase/-/camelcase-6.3.0.tgz 0ms (cache hit)
300 http cache ms@https://registry.npmjs.org/ms/-/ms-2.1.3.tgz 0ms (cache hit)
301 http cache debug@https://registry.npmjs.org/debug/-/debug-4.4.1.tgz 0ms (cache hit)
302 http cache semver@https://registry.npmjs.org/semver/-/semver-6.3.1.tgz 0ms (cache hit)
303 http cache istanbul-lib-instrument@https://registry.npmjs.org/istanbul-lib-instrument/-/istanbul-lib-instrument-5.2.1.tgz 0ms (cache hit)
304 http cache ms@https://registry.npmjs.org/ms/-/ms-2.1.3.tgz 0ms (cache hit)
305 http cache debug@https://registry.npmjs.org/debug/-/debug-4.4.1.tgz 0ms (cache hit)
306 http cache semver@https://registry.npmjs.org/semver/-/semver-6.3.1.tgz 0ms (cache hit)
307 http cache semver@https://registry.npmjs.org/semver/-/semver-6.3.1.tgz 0ms (cache hit)
308 http cache ms@https://registry.npmjs.org/ms/-/ms-2.1.3.tgz 0ms (cache hit)
309 http cache debug@https://registry.npmjs.org/debug/-/debug-4.4.1.tgz 0ms (cache hit)
310 http fetch POST 200 https://registry.npmjs.org/-/npm/v1/security/advisories/bulk 430ms
311 silly audit report {}
312 warn deprecated inflight@1.0.6: This module is not supported, and leaks memory. Do not use it. Check out lru-cache if you want a good and tested way to coalesce async requests by a key value, which is much more comprehensive and powerful.
313 warn deprecated supertest@6.3.4: Please upgrade to supertest v7.1.3+, see release notes at https://github.com/forwardemail/supertest/releases/tag/v7.1.3 - maintenance is supported by Forward Email @ https://forwardemail.net
314 warn deprecated glob@7.2.3: Glob versions prior to v9 are no longer supported
315 warn deprecated superagent@8.1.2: Please upgrade to superagent v10.2.2+, see release notes at https://github.com/forwardemail/superagent/releases/tag/v10.2.2 - maintenance is supported by Forward Email @ https://forwardemail.net
316 silly ADD node_modules/yocto-queue
317 silly ADD node_modules/yargs-parser
318 silly ADD node_modules/yargs
319 silly ADD node_modules/yallist
320 silly ADD node_modules/y18n
321 silly ADD node_modules/write-file-atomic
322 silly ADD node_modules/wrap-ansi
323 silly ADD node_modules/which
324 silly ADD node_modules/walker
325 silly ADD node_modules/v8-to-istanbul
326 silly ADD node_modules/update-browserslist-db
327 silly ADD node_modules/undici-types
328 silly ADD node_modules/undefsafe
329 silly ADD node_modules/type-fest
330 silly ADD node_modules/type-detect
331 silly ADD node_modules/touch
332 silly ADD node_modules/to-regex-range
333 silly ADD node_modules/tmpl
334 silly ADD node_modules/test-exclude
335 silly ADD node_modules/supports-preserve-symlinks-flag
336 silly ADD node_modules/supports-color
337 silly ADD node_modules/supertest
338 silly ADD node_modules/superagent
339 silly ADD node_modules/superagent/node_modules/ms
340 silly ADD node_modules/superagent/node_modules/mime
341 silly ADD node_modules/superagent/node_modules/debug
342 silly ADD node_modules/strip-json-comments
343 silly ADD node_modules/strip-final-newline
344 silly ADD node_modules/strip-bom
345 silly ADD node_modules/strip-ansi
346 silly ADD node_modules/string-width
347 silly ADD node_modules/string-length
348 silly ADD node_modules/stack-utils
349 silly ADD node_modules/sprintf-js
350 silly ADD node_modules/source-map-support
351 silly ADD node_modules/source-map
352 silly ADD node_modules/slash
353 silly ADD node_modules/sisteransi
354 silly ADD node_modules/simple-update-notifier
355 silly ADD node_modules/signal-exit
356 silly ADD node_modules/shebang-regex
357 silly ADD node_modules/shebang-command
358 silly ADD node_modules/resolve.exports
359 silly ADD node_modules/resolve-from
360 silly ADD node_modules/resolve-cwd
361 silly ADD node_modules/resolve
362 silly ADD node_modules/require-directory
363 silly ADD node_modules/readdirp
364 silly ADD node_modules/react-is
365 silly ADD node_modules/pure-rand
366 silly ADD node_modules/pstree.remy
367 silly ADD node_modules/prompts
368 silly ADD node_modules/pretty-format
369 silly ADD node_modules/pretty-format/node_modules/ansi-styles
370 silly ADD node_modules/pkg-dir
371 silly ADD node_modules/pirates
372 silly ADD node_modules/picomatch
373 silly ADD node_modules/picocolors
374 silly ADD node_modules/path-parse
375 silly ADD node_modules/path-key
376 silly ADD node_modules/path-is-absolute
377 silly ADD node_modules/path-exists
378 silly ADD node_modules/parse-json
379 silly ADD node_modules/p-try
380 silly ADD node_modules/p-locate
381 silly ADD node_modules/p-locate/node_modules/p-limit
382 silly ADD node_modules/p-limit
383 silly ADD node_modules/onetime
384 silly ADD node_modules/npm-run-path
385 silly ADD node_modules/normalize-path
386 silly ADD node_modules/nodemon
387 silly ADD node_modules/nodemon/node_modules/supports-color
388 silly ADD node_modules/nodemon/node_modules/ms
389 silly ADD node_modules/nodemon/node_modules/has-flag
390 silly ADD node_modules/nodemon/node_modules/debug
391 silly ADD node_modules/node-releases
392 silly ADD node_modules/node-int64
393 silly ADD node_modules/natural-compare
394 silly ADD node_modules/minimatch
395 silly ADD node_modules/mimic-fn
396 silly ADD node_modules/micromatch
397 silly ADD node_modules/merge-stream
398 silly ADD node_modules/makeerror
399 silly ADD node_modules/make-dir
400 silly ADD node_modules/lru-cache
401 silly ADD node_modules/locate-path
402 silly ADD node_modules/lines-and-columns
403 silly ADD node_modules/leven
404 silly ADD node_modules/kleur
405 silly ADD node_modules/json5
406 silly ADD node_modules/json-parse-even-better-errors
407 silly ADD node_modules/jsesc
408 silly ADD node_modules/js-yaml
409 silly ADD node_modules/js-tokens
410 silly ADD node_modules/jest-worker
411 silly ADD node_modules/jest-worker/node_modules/supports-color
412 silly ADD node_modules/jest-watcher
413 silly ADD node_modules/jest-validate
414 silly ADD node_modules/jest-validate/node_modules/camelcase
415 silly ADD node_modules/jest-util
416 silly ADD node_modules/jest-snapshot
417 silly ADD node_modules/jest-runtime
418 silly ADD node_modules/jest-runner
419 silly ADD node_modules/jest-resolve-dependencies
420 silly ADD node_modules/jest-resolve
421 silly ADD node_modules/jest-regex-util
422 silly ADD node_modules/jest-pnp-resolver
423 silly ADD node_modules/jest-mock
424 silly ADD node_modules/jest-message-util
425 silly ADD node_modules/jest-matcher-utils
426 silly ADD node_modules/jest-leak-detector
427 silly ADD node_modules/jest-haste-map
428 silly ADD node_modules/jest-get-type
429 silly ADD node_modules/jest-environment-node
430 silly ADD node_modules/jest-each
431 silly ADD node_modules/jest-docblock
432 silly ADD node_modules/jest-diff
433 silly ADD node_modules/jest-config
434 silly ADD node_modules/jest-cli
435 silly ADD node_modules/jest-circus
436 silly ADD node_modules/jest-changed-files
437 silly ADD node_modules/jest
438 silly ADD node_modules/istanbul-reports
439 silly ADD node_modules/istanbul-lib-source-maps
440 silly ADD node_modules/istanbul-lib-source-maps/node_modules/ms
441 silly ADD node_modules/istanbul-lib-source-maps/node_modules/debug
442 silly ADD node_modules/istanbul-lib-report
443 silly ADD node_modules/istanbul-lib-instrument
444 silly ADD node_modules/istanbul-lib-coverage
445 silly ADD node_modules/isexe
446 silly ADD node_modules/is-number
447 silly ADD node_modules/is-glob
448 silly ADD node_modules/is-generator-fn
449 silly ADD node_modules/is-fullwidth-code-point
450 silly ADD node_modules/is-extglob
451 silly ADD node_modules/is-core-module
452 silly ADD node_modules/is-binary-path
453 silly ADD node_modules/is-arrayish
454 silly ADD node_modules/inflight
455 silly ADD node_modules/imurmurhash
456 silly ADD node_modules/import-local
457 silly ADD node_modules/ignore-by-default
458 silly ADD node_modules/human-signals
459 silly ADD node_modules/html-escaper
460 silly ADD node_modules/has-flag
461 silly ADD node_modules/glob-parent
462 silly ADD node_modules/glob
463 silly ADD node_modules/get-stream
464 silly ADD node_modules/get-package-type
465 silly ADD node_modules/get-caller-file
466 silly ADD node_modules/gensync
467 silly ADD
468 silly ADD node_modules/fs.realpath
469 silly ADD node_modules/formidable
470 silly ADD node_modules/find-up
471 silly ADD node_modules/fill-range
472 silly ADD node_modules/fb-watchman
473 silly ADD node_modules/fast-safe-stringify
474 silly ADD node_modules/fast-json-stable-stringify
475 silly ADD node_modules/expect
476 silly ADD node_modules/exit
477 silly ADD node_modules/execa
478 silly ADD node_modules/esprima
479 silly ADD node_modules/escape-string-regexp
480 silly ADD node_modules/escalade
481 silly ADD node_modules/error-ex
482 silly ADD node_modules/emoji-regex
483 silly ADD node_modules/emittery
484 silly ADD node_modules/electron-to-chromium
485 silly ADD node_modules/diff-sequences
486 silly ADD node_modules/dezalgo
487 silly ADD node_modules/detect-newline
488 silly ADD node_modules/deepmerge
489 silly ADD node_modules/dedent
490 silly ADD node_modules/cross-spawn
491 silly ADD node_modules/create-jest
492 silly ADD node_modules/cookiejar
493 silly ADD node_modules/convert-source-map
494 silly ADD node_modules/concat-map
495 silly ADD node_modules/component-emitter
496 silly ADD node_modules/collect-v8-coverage
497 silly ADD node_modules/co
498 silly ADD node_modules/cliui
499 silly ADD node_modules/cjs-module-lexer
500 silly ADD node_modules/ci-info
501 silly ADD node_modules/chokidar
502 silly ADD node_modules/char-regex
503 silly ADD node_modules/chalk
504 silly ADD node_modules/caniuse-lite
505 silly ADD node_modules/camelcase
506 silly ADD node_modules/callsites
507 silly ADD node_modules/bser
508 silly ADD node_modules/browserslist
509 silly ADD node_modules/braces
510 silly ADD node_modules/brace-expansion
511 silly ADD node_modules/binary-extensions
512 silly ADD node_modules/balanced-match
513 silly ADD node_modules/babel-preset-jest
514 silly ADD node_modules/babel-preset-current-node-syntax
515 silly ADD node_modules/babel-plugin-jest-hoist
516 silly ADD node_modules/babel-plugin-istanbul
517 silly ADD node_modules/babel-plugin-istanbul/node_modules/semver
518 silly ADD node_modules/babel-plugin-istanbul/node_modules/istanbul-lib-instrument
519 silly ADD node_modules/babel-jest
520 silly ADD node_modules/asap
521 silly ADD node_modules/argparse
522 silly ADD node_modules/anymatch
523 silly ADD node_modules/ansi-styles
524 silly ADD node_modules/ansi-regex
525 silly ADD node_modules/ansi-escapes
526 silly ADD node_modules/@types/yargs-parser
527 silly ADD node_modules/@types/yargs
528 silly ADD node_modules/@types/stack-utils
529 silly ADD node_modules/@types/node
530 silly ADD node_modules/@types/istanbul-reports
531 silly ADD node_modules/@types/istanbul-lib-report
532 silly ADD node_modules/@types/istanbul-lib-coverage
533 silly ADD node_modules/@types/graceful-fs
534 silly ADD node_modules/@types/babel__traverse
535 silly ADD node_modules/@types/babel__template
536 silly ADD node_modules/@types/babel__generator
537 silly ADD node_modules/@types/babel__core
538 silly ADD node_modules/@sinonjs/fake-timers
539 silly ADD node_modules/@sinonjs/commons
540 silly ADD node_modules/@sinclair/typebox
541 silly ADD node_modules/@paralleldrive/cuid2
542 silly ADD node_modules/@noble/hashes
543 silly ADD node_modules/@jridgewell/trace-mapping
544 silly ADD node_modules/@jridgewell/sourcemap-codec
545 silly ADD node_modules/@jridgewell/resolve-uri
546 silly ADD node_modules/@jridgewell/gen-mapping
547 silly ADD node_modules/@jest/types
548 silly ADD node_modules/@jest/transform
549 silly ADD node_modules/@jest/test-sequencer
550 silly ADD node_modules/@jest/test-result
551 silly ADD node_modules/@jest/source-map
552 silly ADD node_modules/@jest/schemas
553 silly ADD node_modules/@jest/reporters
554 silly ADD node_modules/@jest/globals
555 silly ADD node_modules/@jest/fake-timers
556 silly ADD node_modules/@jest/expect-utils
557 silly ADD node_modules/@jest/expect
558 silly ADD node_modules/@jest/environment
559 silly ADD node_modules/@jest/core
560 silly ADD node_modules/@jest/console
561 silly ADD node_modules/@istanbuljs/schema
562 silly ADD node_modules/@istanbuljs/load-nyc-config
563 silly ADD node_modules/@bcoe/v8-coverage
564 silly ADD node_modules/@babel/types
565 silly ADD node_modules/@babel/traverse
566 silly ADD node_modules/@babel/traverse/node_modules/ms
567 silly ADD node_modules/@babel/traverse/node_modules/debug
568 silly ADD node_modules/@babel/template
569 silly ADD node_modules/@babel/plugin-syntax-typescript
570 silly ADD node_modules/@babel/plugin-syntax-top-level-await
571 silly ADD node_modules/@babel/plugin-syntax-private-property-in-object
572 silly ADD node_modules/@babel/plugin-syntax-optional-chaining
573 silly ADD node_modules/@babel/plugin-syntax-optional-catch-binding
574 silly ADD node_modules/@babel/plugin-syntax-object-rest-spread
575 silly ADD node_modules/@babel/plugin-syntax-numeric-separator
576 silly ADD node_modules/@babel/plugin-syntax-nullish-coalescing-operator
577 silly ADD node_modules/@babel/plugin-syntax-logical-assignment-operators
578 silly ADD node_modules/@babel/plugin-syntax-jsx
579 silly ADD node_modules/@babel/plugin-syntax-json-strings
580 silly ADD node_modules/@babel/plugin-syntax-import-meta
581 silly ADD node_modules/@babel/plugin-syntax-import-attributes
582 silly ADD node_modules/@babel/plugin-syntax-class-static-block
583 silly ADD node_modules/@babel/plugin-syntax-class-properties
584 silly ADD node_modules/@babel/plugin-syntax-bigint
585 silly ADD node_modules/@babel/plugin-syntax-async-generators
586 silly ADD node_modules/@babel/parser
587 silly ADD node_modules/@babel/helpers
588 silly ADD node_modules/@babel/helper-validator-option
589 silly ADD node_modules/@babel/helper-validator-identifier
590 silly ADD node_modules/@babel/helper-string-parser
591 silly ADD node_modules/@babel/helper-plugin-utils
592 silly ADD node_modules/@babel/helper-module-transforms
593 silly ADD node_modules/@babel/helper-module-imports
594 silly ADD node_modules/@babel/helper-globals
595 silly ADD node_modules/@babel/helper-compilation-targets
596 silly ADD node_modules/@babel/helper-compilation-targets/node_modules/semver
597 silly ADD node_modules/@babel/generator
598 silly ADD node_modules/@babel/core
599 silly ADD node_modules/@babel/core/node_modules/semver
600 silly ADD node_modules/@babel/core/node_modules/ms
601 silly ADD node_modules/@babel/core/node_modules/debug
602 silly ADD node_modules/@babel/compat-data
603 silly ADD node_modules/@babel/code-frame
604 silly ADD node_modules/@ampproject/remapping
605 verbose cwd /opt/parser
606 verbose os Linux 6.8.0-1035-aws
607 verbose node v22.19.0
608 verbose npm  v10.9.3
609 verbose exit 0
610 info ok
