0 verbose cli /usr/bin/node /usr/bin/npm
1 info using npm@10.9.3
2 info using node@v22.19.0
3 silly config load:file:/usr/lib/node_modules/npm/npmrc
4 silly config load:file:/opt/parser/.npmrc
5 silly config load:file:/usr/etc/npmrc
6 verbose title npm install bull@3.29.3
7 verbose argv "install" "bull@3.29.3" "--save-exact"
8 verbose logfile logs-max:10 dir:/opt/parser/.npm/_logs/2025-08-29T00_37_28_872Z-
9 verbose logfile /opt/parser/.npm/_logs/2025-08-29T00_37_28_872Z-debug-0.log
10 silly logfile done cleaning log files
11 silly packumentCache heap:2197815296 maxSize:549453824 maxEntrySize:274726912
12 silly idealTree buildDeps
13 silly fetch manifest bull@3.29.3
14 silly packumentCache full:https://registry.npmjs.org/bull cache-miss
15 http fetch GET 200 https://registry.npmjs.org/bull 209ms (cache revalidated)
16 silly packumentCache full:https://registry.npmjs.org/bull set size:616457 disposed:false
17 silly placeDep ROOT bull@3.29.3 REPLACE for: silkcards-parser-microservice@1.1.0 want: 3.29.3
18 silly reify moves {}
19 silly audit bulk request {
19 silly audit   '@ampproject/remapping': [ '2.3.0' ],
19 silly audit   '@babel/code-frame': [ '7.27.1' ],
19 silly audit   '@babel/compat-data': [ '7.28.0' ],
19 silly audit   '@babel/core': [ '7.28.3' ],
19 silly audit   debug: [ '4.4.1', '2.6.9' ],
19 silly audit   ms: [ '2.1.3', '2.0.0' ],
19 silly audit   semver: [ '6.3.1', '7.7.2' ],
19 silly audit   '@babel/generator': [ '7.28.3' ],
19 silly audit   '@babel/helper-compilation-targets': [ '7.27.2' ],
19 silly audit   '@babel/helper-globals': [ '7.28.0' ],
19 silly audit   '@babel/helper-module-imports': [ '7.27.1' ],
19 silly audit   '@babel/helper-module-transforms': [ '7.28.3' ],
19 silly audit   '@babel/helper-plugin-utils': [ '7.27.1' ],
19 silly audit   '@babel/helper-string-parser': [ '7.27.1' ],
19 silly audit   '@babel/helper-validator-identifier': [ '7.27.1' ],
19 silly audit   '@babel/helper-validator-option': [ '7.27.1' ],
19 silly audit   '@babel/helpers': [ '7.28.3' ],
19 silly audit   '@babel/parser': [ '7.28.3' ],
19 silly audit   '@babel/plugin-syntax-async-generators': [ '7.8.4' ],
19 silly audit   '@babel/plugin-syntax-bigint': [ '7.8.3' ],
19 silly audit   '@babel/plugin-syntax-class-properties': [ '7.12.13' ],
19 silly audit   '@babel/plugin-syntax-class-static-block': [ '7.14.5' ],
19 silly audit   '@babel/plugin-syntax-import-attributes': [ '7.27.1' ],
19 silly audit   '@babel/plugin-syntax-import-meta': [ '7.10.4' ],
19 silly audit   '@babel/plugin-syntax-json-strings': [ '7.8.3' ],
19 silly audit   '@babel/plugin-syntax-jsx': [ '7.27.1' ],
19 silly audit   '@babel/plugin-syntax-logical-assignment-operators': [ '7.10.4' ],
19 silly audit   '@babel/plugin-syntax-nullish-coalescing-operator': [ '7.8.3' ],
19 silly audit   '@babel/plugin-syntax-numeric-separator': [ '7.10.4' ],
19 silly audit   '@babel/plugin-syntax-object-rest-spread': [ '7.8.3' ],
19 silly audit   '@babel/plugin-syntax-optional-catch-binding': [ '7.8.3' ],
19 silly audit   '@babel/plugin-syntax-optional-chaining': [ '7.8.3' ],
19 silly audit   '@babel/plugin-syntax-private-property-in-object': [ '7.14.5' ],
19 silly audit   '@babel/plugin-syntax-top-level-await': [ '7.14.5' ],
19 silly audit   '@babel/plugin-syntax-typescript': [ '7.27.1' ],
19 silly audit   '@babel/template': [ '7.27.2' ],
19 silly audit   '@babel/traverse': [ '7.28.3' ],
19 silly audit   '@babel/types': [ '7.28.2' ],
19 silly audit   '@bcoe/v8-coverage': [ '0.2.3' ],
19 silly audit   '@colors/colors': [ '1.6.0' ],
19 silly audit   '@dabh/diagnostics': [ '2.0.3' ],
19 silly audit   '@ioredis/commands': [ '1.3.0' ],
19 silly audit   '@istanbuljs/load-nyc-config': [ '1.1.0' ],
19 silly audit   '@istanbuljs/schema': [ '0.1.3' ],
19 silly audit   '@jest/console': [ '29.7.0' ],
19 silly audit   '@jest/core': [ '29.7.0' ],
19 silly audit   '@jest/environment': [ '29.7.0' ],
19 silly audit   '@jest/expect': [ '29.7.0' ],
19 silly audit   '@jest/expect-utils': [ '29.7.0' ],
19 silly audit   '@jest/fake-timers': [ '29.7.0' ],
19 silly audit   '@jest/globals': [ '29.7.0' ],
19 silly audit   '@jest/reporters': [ '29.7.0' ],
19 silly audit   '@jest/schemas': [ '29.6.3' ],
19 silly audit   '@jest/source-map': [ '29.6.3' ],
19 silly audit   '@jest/test-result': [ '29.7.0' ],
19 silly audit   '@jest/test-sequencer': [ '29.7.0' ],
19 silly audit   '@jest/transform': [ '29.7.0' ],
19 silly audit   '@jest/types': [ '29.6.3' ],
19 silly audit   '@jridgewell/gen-mapping': [ '0.3.13' ],
19 silly audit   '@jridgewell/resolve-uri': [ '3.1.2' ],
19 silly audit   '@jridgewell/sourcemap-codec': [ '1.5.5' ],
19 silly audit   '@jridgewell/trace-mapping': [ '0.3.30' ],
19 silly audit   '@noble/hashes': [ '1.8.0' ],
19 silly audit   '@paralleldrive/cuid2': [ '2.2.2' ],
19 silly audit   '@pdf-lib/standard-fonts': [ '1.0.0' ],
19 silly audit   '@pdf-lib/upng': [ '1.0.1' ],
19 silly audit   '@sinclair/typebox': [ '0.27.8' ],
19 silly audit   '@sinonjs/commons': [ '3.0.1' ],
19 silly audit   '@sinonjs/fake-timers': [ '10.3.0' ],
19 silly audit   '@types/babel__core': [ '7.20.5' ],
19 silly audit   '@types/babel__generator': [ '7.27.0' ],
19 silly audit   '@types/babel__template': [ '7.4.4' ],
19 silly audit   '@types/babel__traverse': [ '7.28.0' ],
19 silly audit   '@types/graceful-fs': [ '4.1.9' ],
19 silly audit   '@types/istanbul-lib-coverage': [ '2.0.6' ],
19 silly audit   '@types/istanbul-lib-report': [ '3.0.3' ],
19 silly audit   '@types/istanbul-reports': [ '3.0.4' ],
19 silly audit   '@types/node': [ '24.3.0' ],
19 silly audit   '@types/stack-utils': [ '2.0.3' ],
19 silly audit   '@types/triple-beam': [ '1.3.5' ],
19 silly audit   '@types/yargs': [ '17.0.33' ],
19 silly audit   '@types/yargs-parser': [ '21.0.3' ],
19 silly audit   accepts: [ '1.3.8' ],
19 silly audit   negotiator: [ '0.6.3', '0.6.4' ],
19 silly audit   'ansi-escapes': [ '4.3.2' ],
19 silly audit   'ansi-regex': [ '5.0.1' ],
19 silly audit   'ansi-styles': [ '4.3.0', '5.2.0' ],
19 silly audit   anymatch: [ '3.1.3' ],
19 silly audit   'append-field': [ '1.0.0' ],
19 silly audit   argparse: [ '1.0.10' ],
19 silly audit   'array-buffer-byte-length': [ '1.0.2' ],
19 silly audit   'array-flatten': [ '1.1.1' ],
19 silly audit   'array.prototype.reduce': [ '1.0.8' ],
19 silly audit   'arraybuffer.prototype.slice': [ '1.0.4' ],
19 silly audit   asap: [ '2.0.6' ],
19 silly audit   async: [ '3.2.6' ],
19 silly audit   'async-function': [ '1.0.0' ],
19 silly audit   asynckit: [ '0.4.0' ],
19 silly audit   'available-typed-arrays': [ '1.0.7' ],
19 silly audit   b4a: [ '1.6.7' ],
19 silly audit   'babel-jest': [ '29.7.0' ],
19 silly audit   'babel-plugin-istanbul': [ '6.1.1' ],
19 silly audit   'istanbul-lib-instrument': [ '5.2.1', '6.0.3' ],
19 silly audit   'babel-plugin-jest-hoist': [ '29.6.3' ],
19 silly audit   'babel-preset-current-node-syntax': [ '1.2.0' ],
19 silly audit   'babel-preset-jest': [ '29.6.3' ],
19 silly audit   'balanced-match': [ '1.0.2' ],
19 silly audit   'bare-events': [ '2.6.1' ],
19 silly audit   'bare-fs': [ '4.2.1' ],
19 silly audit   'bare-os': [ '3.6.2' ],
19 silly audit   'bare-path': [ '3.0.0' ],
19 silly audit   'bare-stream': [ '2.7.0' ],
19 silly audit   'base64-js': [ '1.5.1' ],
19 silly audit   'basic-auth': [ '2.0.1' ],
19 silly audit   'safe-buffer': [ '5.1.2', '5.2.1' ],
19 silly audit   'binary-extensions': [ '2.3.0' ],
19 silly audit   bl: [ '4.1.0' ],
19 silly audit   'readable-stream': [ '3.6.2', '2.3.8' ],
19 silly audit   'body-parser': [ '1.20.3' ],
19 silly audit   'brace-expansion': [ '1.1.12' ],
19 silly audit   braces: [ '3.0.3' ],
19 silly audit   browserslist: [ '4.25.4' ],
19 silly audit   bser: [ '2.1.1' ],
19 silly audit   buffer: [ '5.7.1' ],
19 silly audit   'buffer-from': [ '1.1.2' ],
19 silly audit   denque: [ '2.1.0', '1.5.1' ],
19 silly audit   ioredis: [ '5.7.0', '4.30.0' ],
19 silly audit   uuid: [ '8.3.2', '9.0.1' ],
19 silly audit   busboy: [ '1.6.0' ],
19 silly audit   bytes: [ '3.1.2' ],
19 silly audit   'call-bind': [ '1.0.8' ],
19 silly audit   'call-bind-apply-helpers': [ '1.0.2' ],
19 silly audit   'call-bound': [ '1.0.4' ],
19 silly audit   callsites: [ '3.1.0' ],
19 silly audit   camelcase: [ '5.3.1', '6.3.0' ],
19 silly audit   'caniuse-lite': [ '1.0.30001737' ],
19 silly audit   chalk: [ '4.1.2' ],
19 silly audit   'char-regex': [ '1.0.2' ],
19 silly audit   chokidar: [ '3.6.0' ],
19 silly audit   chownr: [ '1.1.4' ],
19 silly audit   'ci-info': [ '3.9.0' ],
19 silly audit   'cjs-module-lexer': [ '1.4.3' ],
19 silly audit   cliui: [ '8.0.1' ],
19 silly audit   'cluster-key-slot': [ '1.1.2' ],
19 silly audit   co: [ '4.6.0' ],
19 silly audit   'collect-v8-coverage': [ '1.0.2' ],
19 silly audit   color: [ '4.2.3', '3.2.1' ],
19 silly audit   'color-convert': [ '2.0.1', '1.9.3' ],
19 silly audit   'color-name': [ '1.1.4', '1.1.3' ],
19 silly audit   'color-string': [ '1.9.1' ],
19 silly audit   colorspace: [ '1.1.4' ],
19 silly audit   'combined-stream': [ '1.0.8' ],
19 silly audit   'component-emitter': [ '1.3.1' ],
19 silly audit   compressible: [ '2.0.18' ],
19 silly audit   compression: [ '1.8.1' ],
19 silly audit   'concat-map': [ '0.0.1' ],
19 silly audit   'concat-stream': [ '1.6.2' ],
19 silly audit   'content-disposition': [ '0.5.4' ],
19 silly audit   'content-type': [ '1.0.5' ],
19 silly audit   'convert-source-map': [ '2.0.0' ],
19 silly audit   cookie: [ '0.7.1' ],
19 silly audit   'cookie-signature': [ '1.0.6' ],
19 silly audit   cookiejar: [ '2.1.4' ],
19 silly audit   'core-util-is': [ '1.0.3' ],
19 silly audit   cors: [ '2.8.5' ],
19 silly audit   'create-jest': [ '29.7.0' ],
19 silly audit   'cron-parser': [ '2.18.0' ],
19 silly audit   'cross-spawn': [ '7.0.6' ],
19 silly audit   'data-view-buffer': [ '1.0.2' ],
19 silly audit   'data-view-byte-length': [ '1.0.2' ],
19 silly audit   'data-view-byte-offset': [ '1.0.1' ],
19 silly audit   debuglog: [ '1.0.1' ],
19 silly audit   'decompress-response': [ '6.0.0' ],
19 silly audit   dedent: [ '1.6.0' ],
19 silly audit   'deep-extend': [ '0.6.0' ],
19 silly audit   deepmerge: [ '4.3.1' ],
19 silly audit   'define-data-property': [ '1.1.4' ],
19 silly audit   'define-properties': [ '1.2.1' ],
19 silly audit   'delayed-stream': [ '1.0.0' ],
19 silly audit   depd: [ '2.0.0' ],
19 silly audit   destroy: [ '1.2.0' ],
19 silly audit   'detect-libc': [ '2.0.4' ],
19 silly audit   'detect-newline': [ '3.1.0' ],
19 silly audit   dezalgo: [ '1.0.4' ],
19 silly audit   'diff-sequences': [ '29.6.3' ],
19 silly audit   dotenv: [ '16.6.1' ],
19 silly audit   'dunder-proto': [ '1.0.1' ],
19 silly audit   'ee-first': [ '1.1.1' ],
19 silly audit   'electron-to-chromium': [ '1.5.211' ],
19 silly audit   emittery: [ '0.13.1' ],
19 silly audit   'emoji-regex': [ '8.0.0' ],
19 silly audit   enabled: [ '2.0.0' ],
19 silly audit   encodeurl: [ '2.0.0', '1.0.2' ],
19 silly audit   'end-of-stream': [ '1.4.5' ],
19 silly audit   'error-ex': [ '1.3.2' ],
19 silly audit   'es-abstract': [ '1.24.0' ],
19 silly audit   'es-array-method-boxes-properly': [ '1.0.0' ],
19 silly audit   'es-define-property': [ '1.0.1' ],
19 silly audit   'es-errors': [ '1.3.0' ],
19 silly audit   'es-object-atoms': [ '1.1.1' ],
19 silly audit   'es-set-tostringtag': [ '2.1.0' ],
19 silly audit   'es-to-primitive': [ '1.3.0' ],
19 silly audit   escalade: [ '3.2.0' ],
19 silly audit   'escape-html': [ '1.0.3' ],
19 silly audit   'escape-string-regexp': [ '2.0.0' ],
19 silly audit   esprima: [ '4.0.1' ],
19 silly audit   etag: [ '1.8.1' ],
19 silly audit   execa: [ '5.1.1' ],
19 silly audit   exit: [ '0.1.2' ],
19 silly audit   'expand-template': [ '2.0.3' ],
19 silly audit   expect: [ '29.7.0' ],
19 silly audit   express: [ '4.21.2' ],
19 silly audit   'fast-fifo': [ '1.3.2' ],
19 silly audit   'fast-json-stable-stringify': [ '2.1.0' ],
19 silly audit   'fast-safe-stringify': [ '2.1.1' ],
19 silly audit   'fb-watchman': [ '2.0.2' ],
19 silly audit   fecha: [ '4.2.3' ],
19 silly audit   'fill-range': [ '7.1.1' ],
19 silly audit   finalhandler: [ '1.3.1' ],
19 silly audit   'find-up': [ '4.1.0' ],
19 silly audit   'fn.name': [ '1.1.0' ],
19 silly audit   'for-each': [ '0.3.5' ],
19 silly audit   'form-data': [ '4.0.4' ],
19 silly audit   formidable: [ '2.1.5' ],
19 silly audit   forwarded: [ '0.2.0' ],
19 silly audit   fresh: [ '0.5.2' ],
19 silly audit   'fs-constants': [ '1.0.0' ],
19 silly audit   'fs-extra': [ '11.3.1' ],
19 silly audit   'fs.realpath': [ '1.0.0' ],
19 silly audit   fsevents: [ '2.3.3' ],
19 silly audit   'function-bind': [ '1.1.2' ],
19 silly audit   'function.prototype.name': [ '1.1.8' ],
19 silly audit   'functions-have-names': [ '1.2.3' ],
19 silly audit   gensync: [ '1.0.0-beta.2' ],
19 silly audit   'get-caller-file': [ '2.0.5' ],
19 silly audit   'get-intrinsic': [ '1.3.0' ],
19 silly audit   'get-package-type': [ '0.1.0' ],
19 silly audit   'get-port': [ '5.1.1' ],
19 silly audit   'get-proto': [ '1.0.1' ],
19 silly audit   'get-stream': [ '6.0.1' ],
19 silly audit   'get-symbol-description': [ '1.1.0' ],
19 silly audit   'github-from-package': [ '0.0.0' ],
19 silly audit   glob: [ '7.2.3' ],
19 silly audit   'glob-parent': [ '5.1.2' ],
19 silly audit   globalthis: [ '1.0.4' ],
19 silly audit   gopd: [ '1.2.0' ],
19 silly audit   'graceful-fs': [ '4.2.11' ],
19 silly audit   'has-bigints': [ '1.1.0' ],
19 silly audit   'has-flag': [ '4.0.0', '3.0.0' ],
19 silly audit   'has-property-descriptors': [ '1.0.2' ],
19 silly audit   'has-proto': [ '1.2.0' ],
19 silly audit   'has-symbols': [ '1.1.0' ],
19 silly audit   'has-tostringtag': [ '1.0.2' ],
19 silly audit   hasown: [ '2.0.2' ],
19 silly audit   helmet: [ '7.2.0' ],
19 silly audit   'html-escaper': [ '2.0.2' ],
19 silly audit   'http-errors': [ '2.0.0' ],
19 silly audit   'human-signals': [ '2.1.0' ],
19 silly audit   'iconv-lite': [ '0.4.24' ],
19 silly audit   ieee754: [ '1.2.1' ],
19 silly audit   'ignore-by-default': [ '1.0.1' ],
19 silly audit   'import-local': [ '3.2.0' ],
19 silly audit   imurmurhash: [ '0.1.4' ],
19 silly audit   inflight: [ '1.0.6' ],
19 silly audit   inherits: [ '2.0.4' ],
19 silly audit   ini: [ '1.3.8' ],
19 silly audit   'internal-slot': [ '1.1.0' ],
19 silly audit   'ipaddr.js': [ '1.9.1' ],
19 silly audit   'is-array-buffer': [ '3.0.5' ],
19 silly audit   'is-arrayish': [ '0.2.1', '0.3.2' ],
19 silly audit   'is-async-function': [ '2.1.1' ],
19 silly audit   'is-bigint': [ '1.1.0' ],
19 silly audit   'is-binary-path': [ '2.1.0' ],
19 silly audit   'is-boolean-object': [ '1.2.2' ],
19 silly audit   'is-callable': [ '1.2.7' ],
19 silly audit   'is-core-module': [ '2.16.1' ],
19 silly audit   'is-data-view': [ '1.0.2' ],
19 silly audit   'is-date-object': [ '1.1.0' ],
19 silly audit   'is-extglob': [ '2.1.1' ],
19 silly audit   'is-finalizationregistry': [ '1.1.1' ],
19 silly audit   'is-fullwidth-code-point': [ '3.0.0' ],
19 silly audit   'is-generator-fn': [ '2.1.0' ],
19 silly audit   'is-generator-function': [ '1.1.0' ],
19 silly audit   'is-glob': [ '4.0.3' ],
19 silly audit   'is-map': [ '2.0.3' ],
19 silly audit   'is-nan': [ '1.3.2' ],
19 silly audit   'is-negative-zero': [ '2.0.3' ],
19 silly audit   'is-number': [ '7.0.0' ],
19 silly audit   'is-number-object': [ '1.1.1' ],
19 silly audit   'is-regex': [ '1.2.1' ],
19 silly audit   'is-set': [ '2.0.3' ],
19 silly audit   'is-shared-array-buffer': [ '1.0.4' ],
19 silly audit   'is-stream': [ '2.0.1' ],
19 silly audit   'is-string': [ '1.1.1' ],
19 silly audit   'is-symbol': [ '1.1.1' ],
19 silly audit   'is-typed-array': [ '1.1.15' ],
19 silly audit   'is-weakmap': [ '2.0.2' ],
19 silly audit   'is-weakref': [ '1.1.1' ],
19 silly audit   'is-weakset': [ '2.0.4' ],
19 silly audit   isarray: [ '1.0.0', '2.0.5' ],
19 silly audit   isexe: [ '2.0.0' ],
19 silly audit   'istanbul-lib-coverage': [ '3.2.2' ],
19 silly audit   'istanbul-lib-report': [ '3.0.1' ],
19 silly audit   'istanbul-lib-source-maps': [ '4.0.1' ],
19 silly audit   'istanbul-reports': [ '3.2.0' ],
19 silly audit   jest: [ '29.7.0' ],
19 silly audit   'jest-changed-files': [ '29.7.0' ],
19 silly audit   'jest-circus': [ '29.7.0' ],
19 silly audit   'jest-cli': [ '29.7.0' ],
19 silly audit   'jest-config': [ '29.7.0' ],
19 silly audit   'jest-diff': [ '29.7.0' ],
19 silly audit   'jest-docblock': [ '29.7.0' ],
19 silly audit   'jest-each': [ '29.7.0' ],
19 silly audit   'jest-environment-node': [ '29.7.0' ],
19 silly audit   'jest-get-type': [ '29.6.3' ],
19 silly audit   'jest-haste-map': [ '29.7.0' ],
19 silly audit   'jest-leak-detector': [ '29.7.0' ],
19 silly audit   'jest-matcher-utils': [ '29.7.0' ],
19 silly audit   'jest-message-util': [ '29.7.0' ],
19 silly audit   'jest-mock': [ '29.7.0' ],
19 silly audit   'jest-pnp-resolver': [ '1.2.3' ],
19 silly audit   'jest-regex-util': [ '29.6.3' ],
19 silly audit   'jest-resolve': [ '29.7.0' ],
19 silly audit   'jest-resolve-dependencies': [ '29.7.0' ],
19 silly audit   'jest-runner': [ '29.7.0' ],
19 silly audit   'jest-runtime': [ '29.7.0' ],
19 silly audit   'jest-snapshot': [ '29.7.0' ],
19 silly audit   'jest-util': [ '29.7.0' ],
19 silly audit   'jest-validate': [ '29.7.0' ],
19 silly audit   'jest-watcher': [ '29.7.0' ],
19 silly audit   'jest-worker': [ '29.7.0' ],
19 silly audit   'supports-color': [ '8.1.1', '5.5.0', '7.2.0' ],
19 silly audit   'js-tokens': [ '4.0.0' ],
19 silly audit   'js-yaml': [ '3.14.1' ],
19 silly audit   jsesc: [ '3.1.0' ],
19 silly audit   'json-parse-even-better-errors': [ '2.3.1' ],
19 silly audit   json5: [ '2.2.3' ],
19 silly audit   jsonfile: [ '6.2.0' ],
19 silly audit   kleur: [ '3.0.3' ],
19 silly audit   kuler: [ '2.0.0' ],
19 silly audit   leven: [ '3.1.0' ],
19 silly audit   'lines-and-columns': [ '1.2.4' ],
19 silly audit   'locate-path': [ '5.0.0' ],
19 silly audit   lodash: [ '4.17.21' ],
19 silly audit   'lodash.defaults': [ '4.2.0' ],
19 silly audit   'lodash.flatten': [ '4.4.0' ],
19 silly audit   'lodash.isarguments': [ '3.1.0' ],
19 silly audit   logform: [ '2.7.0' ],
19 silly audit   'lru-cache': [ '5.1.1' ],
19 silly audit   'make-dir': [ '4.0.0' ],
19 silly audit   makeerror: [ '1.0.12' ],
19 silly audit   'math-intrinsics': [ '1.1.0' ],
19 silly audit   'media-typer': [ '0.3.0' ],
19 silly audit   'merge-descriptors': [ '1.0.3' ],
19 silly audit   'merge-stream': [ '2.0.0' ],
19 silly audit   methods: [ '1.1.2' ],
19 silly audit   micromatch: [ '4.0.8' ],
19 silly audit   mime: [ '1.6.0', '2.6.0' ],
19 silly audit   'mime-db': [ '1.54.0', '1.52.0' ],
19 silly audit   'mime-types': [ '2.1.35' ],
19 silly audit   'mimic-fn': [ '2.1.0' ],
19 silly audit   'mimic-response': [ '3.1.0' ],
19 silly audit   minimatch: [ '3.1.2' ],
19 silly audit   minimist: [ '1.2.8' ],
19 silly audit   mkdirp: [ '0.5.6' ],
19 silly audit   'mkdirp-classic': [ '0.5.3' ],
19 silly audit   moment: [ '2.30.1' ],
19 silly audit   'moment-timezone': [ '0.5.48' ],
19 silly audit   morgan: [ '1.10.1' ],
19 silly audit   'on-finished': [ '2.3.0', '2.4.1' ],
19 silly audit   multer: [ '1.4.5-lts.2' ],
19 silly audit   'napi-build-utils': [ '2.0.0' ],
19 silly audit   'natural-compare': [ '1.4.0' ],
19 silly audit   'node-abi': [ '3.75.0' ],
19 silly audit   'node-addon-api': [ '6.1.0' ],
19 silly audit   'node-cron': [ '3.0.3' ],
19 silly audit   'node-int64': [ '0.4.0' ],
19 silly audit   'node-releases': [ '2.0.19' ],
19 silly audit   nodemon: [ '3.1.10' ],
19 silly audit   'normalize-path': [ '3.0.0' ],
19 silly audit   'npm-run-path': [ '4.0.1' ],
19 silly audit   'object-assign': [ '4.1.1' ],
19 silly audit   'object-inspect': [ '1.13.4' ],
19 silly audit   'object-keys': [ '1.1.1' ],
19 silly audit   'object.assign': [ '4.1.7' ],
19 silly audit   'object.getownpropertydescriptors': [ '2.1.8' ],
19 silly audit   'on-headers': [ '1.1.0' ],
19 silly audit   once: [ '1.4.0' ],
19 silly audit   'one-time': [ '1.0.0' ],
19 silly audit   onetime: [ '5.1.2' ],
19 silly audit   'own-keys': [ '1.0.1' ],
19 silly audit   'p-finally': [ '1.0.0' ],
19 silly audit   'p-limit': [ '3.1.0', '2.3.0' ],
19 silly audit   'p-locate': [ '4.1.0' ],
19 silly audit   'p-map': [ '2.1.0' ],
19 silly audit   'p-timeout': [ '3.2.0' ],
19 silly audit   'p-try': [ '2.2.0' ],
19 silly audit   pako: [ '1.0.11' ],
19 silly audit   'parse-json': [ '5.2.0' ],
19 silly audit   parseurl: [ '1.3.3' ],
19 silly audit   'path-exists': [ '4.0.0' ],
19 silly audit   'path-is-absolute': [ '1.0.1' ],
19 silly audit   'path-key': [ '3.1.1' ],
19 silly audit   'path-parse': [ '1.0.7' ],
19 silly audit   'path-to-regexp': [ '0.1.12' ],
19 silly audit   'pdf-lib': [ '1.17.1' ],
19 silly audit   picocolors: [ '1.1.1' ],
19 silly audit   picomatch: [ '2.3.1' ],
19 silly audit   pirates: [ '4.0.7' ],
19 silly audit   'pkg-dir': [ '4.2.0' ],
19 silly audit   pngjs: [ '7.0.0' ],
19 silly audit   'possible-typed-array-names': [ '1.1.0' ],
19 silly audit   'prebuild-install': [ '7.1.3' ],
19 silly audit   'tar-fs': [ '2.1.3', '3.1.0' ],
19 silly audit   'tar-stream': [ '2.2.0', '3.1.7' ],
19 silly audit   'pretty-format': [ '29.7.0' ],
19 silly audit   'process-nextick-args': [ '2.0.1' ],
19 silly audit   'promise.prototype.finally': [ '3.1.8' ],
19 silly audit   prompts: [ '2.4.2' ],
19 silly audit   'proxy-addr': [ '2.0.7' ],
19 silly audit   'pstree.remy': [ '1.1.8' ],
19 silly audit   pump: [ '3.0.3' ],
19 silly audit   'pure-rand': [ '6.1.0' ],
19 silly audit   qs: [ '6.13.0' ],
19 silly audit   'range-parser': [ '1.2.1' ],
19 silly audit   'raw-body': [ '2.5.2' ],
19 silly audit   rc: [ '1.2.8' ],
19 silly audit   'strip-json-comments': [ '2.0.1', '3.1.1' ],
19 silly audit   'react-is': [ '18.3.1' ],
19 silly audit   readdirp: [ '3.6.0' ],
19 silly audit   'redis-errors': [ '1.2.0' ],
19 silly audit   'redis-parser': [ '3.0.0' ],
19 silly audit   'reflect.getprototypeof': [ '1.0.10' ],
19 silly audit   'regexp.prototype.flags': [ '1.5.4' ],
19 silly audit   'require-directory': [ '2.1.1' ],
19 silly audit   resolve: [ '1.22.10' ],
19 silly audit   'resolve-cwd': [ '3.0.0' ],
19 silly audit   'resolve-from': [ '5.0.0' ],
19 silly audit   'resolve.exports': [ '2.0.3' ],
19 silly audit   'safe-array-concat': [ '1.1.3' ],
19 silly audit   'safe-push-apply': [ '1.0.0' ],
19 silly audit   'safe-regex-test': [ '1.1.0' ],
19 silly audit   'safe-stable-stringify': [ '2.5.0' ],
19 silly audit   'safer-buffer': [ '2.1.2' ],
19 silly audit   send: [ '0.19.0' ],
19 silly audit   'serve-static': [ '1.16.2' ],
19 silly audit   'set-function-length': [ '1.2.2' ],
19 silly audit   'set-function-name': [ '2.0.2' ],
19 silly audit   'set-proto': [ '1.0.0' ],
19 silly audit   setprototypeof: [ '1.2.0' ],
19 silly audit   sharp: [ '0.32.6' ],
19 silly audit   'shebang-command': [ '2.0.0' ],
19 silly audit   'shebang-regex': [ '3.0.0' ],
19 silly audit   'side-channel': [ '1.1.0' ],
19 silly audit   'side-channel-list': [ '1.0.0' ],
19 silly audit   'side-channel-map': [ '1.0.1' ],
19 silly audit   'side-channel-weakmap': [ '1.0.2' ],
19 silly audit   'signal-exit': [ '3.0.7' ],
19 silly audit   'simple-concat': [ '1.0.1' ],
19 silly audit   'simple-get': [ '4.0.1' ],
19 silly audit   'simple-swizzle': [ '0.2.2' ],
19 silly audit   'simple-update-notifier': [ '2.0.0' ],
19 silly audit   sisteransi: [ '1.0.5' ],
19 silly audit   slash: [ '3.0.0' ],
19 silly audit   'source-map': [ '0.6.1' ],
19 silly audit   'source-map-support': [ '0.5.13' ],
19 silly audit   'sprintf-js': [ '1.0.3' ],
19 silly audit   'stack-trace': [ '0.0.10' ],
19 silly audit   'stack-utils': [ '2.0.6' ],
19 silly audit   'standard-as-callback': [ '2.1.0' ],
19 silly audit   statuses: [ '2.0.1' ],
19 silly audit   'stop-iteration-iterator': [ '1.1.0' ],
19 silly audit   streamsearch: [ '1.1.0' ],
19 silly audit   streamx: [ '2.22.1' ],
19 silly audit   string_decoder: [ '1.1.1' ],
19 silly audit   'string-length': [ '4.0.2' ],
19 silly audit   'string-width': [ '4.2.3' ],
19 silly audit   'string.prototype.trim': [ '1.2.10' ],
19 silly audit   'string.prototype.trimend': [ '1.0.9' ],
19 silly audit   'string.prototype.trimstart': [ '1.0.8' ],
19 silly audit   'strip-ansi': [ '6.0.1' ],
19 silly audit   'strip-bom': [ '4.0.0' ],
19 silly audit   'strip-final-newline': [ '2.0.0' ],
19 silly audit   superagent: [ '8.1.2' ],
19 silly audit   supertest: [ '6.3.4' ],
19 silly audit   'supports-preserve-symlinks-flag': [ '1.0.0' ],
19 silly audit   'test-exclude': [ '6.0.0' ],
19 silly audit   'text-decoder': [ '1.2.3' ],
19 silly audit   'text-hex': [ '1.0.0' ],
19 silly audit   tmpl: [ '1.0.5' ],
19 silly audit   'to-regex-range': [ '5.0.1' ],
19 silly audit   toidentifier: [ '1.0.1' ],
19 silly audit   touch: [ '3.1.1' ],
19 silly audit   'triple-beam': [ '1.4.1' ],
19 silly audit   tslib: [ '1.14.1' ],
19 silly audit   'tunnel-agent': [ '0.6.0' ],
19 silly audit   'type-detect': [ '4.0.8' ],
19 silly audit   'type-fest': [ '0.21.3' ],
19 silly audit   'type-is': [ '1.6.18' ],
19 silly audit   'typed-array-buffer': [ '1.0.3' ],
19 silly audit   'typed-array-byte-length': [ '1.0.3' ],
19 silly audit   'typed-array-byte-offset': [ '1.0.4' ],
19 silly audit   'typed-array-length': [ '1.0.7' ],
19 silly audit   typedarray: [ '0.0.6' ],
19 silly audit   'unbox-primitive': [ '1.1.0' ],
19 silly audit   undefsafe: [ '2.0.5' ],
19 silly audit   'undici-types': [ '7.10.0' ],
19 silly audit   universalify: [ '2.0.1' ],
19 silly audit   unpipe: [ '1.0.0' ],
19 silly audit   'update-browserslist-db': [ '1.1.3' ],
19 silly audit   'util-deprecate': [ '1.0.2' ],
19 silly audit   'util.promisify': [ '1.1.3' ],
19 silly audit   'utils-merge': [ '1.0.1' ],
19 silly audit   'v8-to-istanbul': [ '9.3.0' ],
19 silly audit   vary: [ '1.1.2' ],
19 silly audit   walker: [ '1.0.8' ],
19 silly audit   which: [ '2.0.2' ],
19 silly audit   'which-boxed-primitive': [ '1.1.1' ],
19 silly audit   'which-builtin-type': [ '1.2.1' ],
19 silly audit   'which-collection': [ '1.0.2' ],
19 silly audit   'which-typed-array': [ '1.1.19' ],
19 silly audit   winston: [ '3.17.0' ],
19 silly audit   'winston-transport': [ '4.9.0' ],
19 silly audit   'wrap-ansi': [ '7.0.0' ],
19 silly audit   wrappy: [ '1.0.2' ],
19 silly audit   'write-file-atomic': [ '4.0.2' ],
19 silly audit   xtend: [ '4.0.2' ],
19 silly audit   y18n: [ '5.0.8' ],
19 silly audit   yallist: [ '3.1.1' ],
19 silly audit   yargs: [ '17.7.2' ],
19 silly audit   'yargs-parser': [ '21.1.1' ],
19 silly audit   'yocto-queue': [ '0.1.0' ],
19 silly audit   bull: [ '3.29.3' ]
19 silly audit }
20 verbose reify failed optional dependency /opt/parser/node_modules/fsevents
21 silly reify mark deleted [ '/opt/parser/node_modules/fsevents' ]
22 http fetch POST 200 https://registry.npmjs.org/-/npm/v1/security/advisories/bulk 129ms
23 silly audit report {}
24 silly ADD
25 verbose cwd /opt/parser
26 verbose os Linux 6.8.0-1035-aws
27 verbose node v22.19.0
28 verbose npm  v10.9.3
29 verbose exit 0
30 info ok
